<?xml version="1.0" encoding="UTF-8"?>
<robot generator="Robot 6.1.1 (Python 3.11.4 on win32)" generated="20230811 16:32:29.890" rpa="false" schemaversion="4">
<suite id="s1" name="testNeo4j" source="G:\Other computers\My MacBook Pro M1\Repositories\project\src\test\testNeo4j.robot">
<test id="s1-t1" name="addActorCorrectFormat" line="13">
<kw name="Create Session" library="RequestsLibrary" type="SETUP">
<arg>localhost</arg>
<arg>http://localhost:8080</arg>
<doc>Create Session: create a HTTP session to a server</doc>
<msg timestamp="20230811 16:32:29.988" level="INFO">Creating Session using : alias=localhost, url=http://localhost:8080, headers={},                     cookies={}, auth=None, timeout=None, proxies=None, verify=False,                     debug=0 </msg>
<status status="PASS" starttime="20230811 16:32:29.988" endtime="20230811 16:32:29.988"/>
</kw>
<kw name="Create Dictionary" library="BuiltIn">
<var>${headers}</var>
<arg>Content-Type=application/json</arg>
<doc>Creates and returns a dictionary based on the given ``items``.</doc>
<msg timestamp="20230811 16:32:29.989" level="INFO">${headers} = {'Content-Type': 'application/json'}</msg>
<status status="PASS" starttime="20230811 16:32:29.989" endtime="20230811 16:32:29.989"/>
</kw>
<kw name="Create Dictionary" library="BuiltIn">
<var>${params}</var>
<arg>name=bob</arg>
<arg>actorId=nm7001850</arg>
<doc>Creates and returns a dictionary based on the given ``items``.</doc>
<msg timestamp="20230811 16:32:29.989" level="INFO">${params} = {'name': 'bob', 'actorId': 'nm7001850'}</msg>
<status status="PASS" starttime="20230811 16:32:29.989" endtime="20230811 16:32:29.989"/>
</kw>
<kw name="PUT On Session" library="RequestsLibrary">
<var>${resp}</var>
<arg>localhost</arg>
<arg>/api/v1/addActor</arg>
<arg>json=${params}</arg>
<arg>headers=${headers}</arg>
<arg>expected_status=200</arg>
<doc>Sends a PUT request on a previously created HTTP Session.</doc>
<msg timestamp="20230811 16:32:32.322" level="INFO">PUT Request : url=http://localhost:8080/api/v1/addActor 
 path_url=/api/v1/addActor 
 headers={'User-Agent': 'python-requests/2.31.0', 'Accept-Encoding': 'gzip, deflate', 'Accept': '*/*', 'Connection': 'keep-alive', 'Content-Type': 'application/json', 'Content-Length': '39'} 
 body=b'{"name": "bob", "actorId": "nm7001850"}' 
 </msg>
<msg timestamp="20230811 16:32:32.326" level="INFO">PUT Response : url=http://localhost:8080/api/v1/addActor 
 status=200, reason=OK 
 headers={'Date': 'Fri, 11 Aug 2023 23:32:32 GMT', 'Content-length': '2'} 
 body=OK 
 </msg>
<msg timestamp="20230811 16:32:32.326" level="INFO">${resp} = &lt;Response [200]&gt;</msg>
<status status="PASS" starttime="20230811 16:32:29.989" endtime="20230811 16:32:32.326"/>
</kw>
<timeout value="30 seconds"/>
<status status="PASS" starttime="20230811 16:32:29.987" endtime="20230811 16:32:32.326"/>
</test>
<test id="s1-t2" name="addActorIncorrectFormat" line="18">
<kw name="Create Session" library="RequestsLibrary" type="SETUP">
<arg>localhost</arg>
<arg>http://localhost:8080</arg>
<doc>Create Session: create a HTTP session to a server</doc>
<msg timestamp="20230811 16:32:32.328" level="INFO">Creating Session using : alias=localhost, url=http://localhost:8080, headers={},                     cookies={}, auth=None, timeout=None, proxies=None, verify=False,                     debug=0 </msg>
<status status="PASS" starttime="20230811 16:32:32.328" endtime="20230811 16:32:32.328"/>
</kw>
<kw name="Create Dictionary" library="BuiltIn">
<var>${headers}</var>
<arg>Content-Type=application/json</arg>
<doc>Creates and returns a dictionary based on the given ``items``.</doc>
<msg timestamp="20230811 16:32:32.328" level="INFO">${headers} = {'Content-Type': 'application/json'}</msg>
<status status="PASS" starttime="20230811 16:32:32.328" endtime="20230811 16:32:32.328"/>
</kw>
<kw name="Create Dictionary" library="BuiltIn">
<var>${params}</var>
<arg>name=Alice</arg>
<arg>movieId=nm1111111111111111111111111111111</arg>
<doc>Creates and returns a dictionary based on the given ``items``.</doc>
<msg timestamp="20230811 16:32:32.329" level="INFO">${params} = {'name': 'Alice', 'movieId': 'nm1111111111111111111111111111111'}</msg>
<status status="PASS" starttime="20230811 16:32:32.329" endtime="20230811 16:32:32.329"/>
</kw>
<kw name="PUT On Session" library="RequestsLibrary">
<var>${resp}</var>
<arg>localhost</arg>
<arg>/api/v1/addActor</arg>
<arg>json=${params}</arg>
<arg>headers=${headers}</arg>
<arg>expected_status=400</arg>
<doc>Sends a PUT request on a previously created HTTP Session.</doc>
<msg timestamp="20230811 16:32:34.549" level="INFO">PUT Request : url=http://localhost:8080/api/v1/addActor 
 path_url=/api/v1/addActor 
 headers={'User-Agent': 'python-requests/2.31.0', 'Accept-Encoding': 'gzip, deflate', 'Accept': '*/*', 'Connection': 'keep-alive', 'Content-Type': 'application/json', 'Content-Length': '65'} 
 body=b'{"name": "Alice", "movieId": "nm1111111111111111111111111111111"}' 
 </msg>
<msg timestamp="20230811 16:32:34.550" level="INFO">PUT Response : url=http://localhost:8080/api/v1/addActor 
 status=400, reason=Bad Request 
 headers={'Date': 'Fri, 11 Aug 2023 23:32:34 GMT', 'Content-length': '11'} 
 body=BAD REQUEST 
 </msg>
<msg timestamp="20230811 16:32:34.551" level="INFO">${resp} = &lt;Response [400]&gt;</msg>
<status status="PASS" starttime="20230811 16:32:32.329" endtime="20230811 16:32:34.551"/>
</kw>
<timeout value="30 seconds"/>
<status status="PASS" starttime="20230811 16:32:32.327" endtime="20230811 16:32:34.552"/>
</test>
<test id="s1-t3" name="addMovieCorrectFormat" line="25">
<kw name="Create Session" library="RequestsLibrary" type="SETUP">
<arg>localhost</arg>
<arg>http://localhost:8080</arg>
<doc>Create Session: create a HTTP session to a server</doc>
<msg timestamp="20230811 16:32:34.560" level="INFO">Creating Session using : alias=localhost, url=http://localhost:8080, headers={},                     cookies={}, auth=None, timeout=None, proxies=None, verify=False,                     debug=0 </msg>
<status status="PASS" starttime="20230811 16:32:34.559" endtime="20230811 16:32:34.561"/>
</kw>
<kw name="Create Dictionary" library="BuiltIn">
<var>${headers}</var>
<arg>Content-Type=application/json</arg>
<doc>Creates and returns a dictionary based on the given ``items``.</doc>
<msg timestamp="20230811 16:32:34.566" level="INFO">${headers} = {'Content-Type': 'application/json'}</msg>
<status status="PASS" starttime="20230811 16:32:34.566" endtime="20230811 16:32:34.566"/>
</kw>
<kw name="Create Dictionary" library="BuiltIn">
<var>${params}</var>
<arg>name=Wall-E</arg>
<arg>movieId=nm10385</arg>
<doc>Creates and returns a dictionary based on the given ``items``.</doc>
<msg timestamp="20230811 16:32:34.567" level="INFO">${params} = {'name': 'Wall-E', 'movieId': 'nm10385'}</msg>
<status status="PASS" starttime="20230811 16:32:34.566" endtime="20230811 16:32:34.567"/>
</kw>
<kw name="PUT On Session" library="RequestsLibrary">
<var>${resp}</var>
<arg>localhost</arg>
<arg>/api/v1/addMovie</arg>
<arg>json=${params}</arg>
<arg>headers=${headers}</arg>
<arg>expected_status=200</arg>
<doc>Sends a PUT request on a previously created HTTP Session.</doc>
<msg timestamp="20230811 16:32:36.801" level="INFO">PUT Request : url=http://localhost:8080/api/v1/addMovie 
 path_url=/api/v1/addMovie 
 headers={'User-Agent': 'python-requests/2.31.0', 'Accept-Encoding': 'gzip, deflate', 'Accept': '*/*', 'Connection': 'keep-alive', 'Content-Type': 'application/json', 'Content-Length': '40'} 
 body=b'{"name": "Wall-E", "movieId": "nm10385"}' 
 </msg>
<msg timestamp="20230811 16:32:36.801" level="INFO">PUT Response : url=http://localhost:8080/api/v1/addMovie 
 status=200, reason=OK 
 headers={'Date': 'Fri, 11 Aug 2023 23:32:36 GMT', 'Content-length': '2'} 
 body=OK 
 </msg>
<msg timestamp="20230811 16:32:36.801" level="INFO">${resp} = &lt;Response [200]&gt;</msg>
<status status="PASS" starttime="20230811 16:32:34.567" endtime="20230811 16:32:36.801"/>
</kw>
<timeout value="30 seconds"/>
<status status="PASS" starttime="20230811 16:32:34.557" endtime="20230811 16:32:36.801"/>
</test>
<test id="s1-t4" name="addMovieIncorrectFormat" line="30">
<kw name="Create Session" library="RequestsLibrary" type="SETUP">
<arg>localhost</arg>
<arg>http://localhost:8080</arg>
<doc>Create Session: create a HTTP session to a server</doc>
<msg timestamp="20230811 16:32:36.805" level="INFO">Creating Session using : alias=localhost, url=http://localhost:8080, headers={},                     cookies={}, auth=None, timeout=None, proxies=None, verify=False,                     debug=0 </msg>
<status status="PASS" starttime="20230811 16:32:36.804" endtime="20230811 16:32:36.805"/>
</kw>
<kw name="Create Dictionary" library="BuiltIn">
<var>${headers}</var>
<arg>Content-Type=application/json</arg>
<doc>Creates and returns a dictionary based on the given ``items``.</doc>
<msg timestamp="20230811 16:32:36.805" level="INFO">${headers} = {'Content-Type': 'application/json'}</msg>
<status status="PASS" starttime="20230811 16:32:36.805" endtime="20230811 16:32:36.805"/>
</kw>
<kw name="Create Dictionary" library="BuiltIn">
<var>${params}</var>
<arg>name=DriverLiterallyMe</arg>
<arg>actorId=nm111111111113333333333333333333333333333333</arg>
<doc>Creates and returns a dictionary based on the given ``items``.</doc>
<msg timestamp="20230811 16:32:36.806" level="INFO">${params} = {'name': 'DriverLiterallyMe', 'actorId': 'nm111111111113333333333333333333333333333333'}</msg>
<status status="PASS" starttime="20230811 16:32:36.806" endtime="20230811 16:32:36.806"/>
</kw>
<kw name="PUT On Session" library="RequestsLibrary">
<var>${resp}</var>
<arg>localhost</arg>
<arg>/api/v1/addMovie</arg>
<arg>json=${params}</arg>
<arg>headers=${headers}</arg>
<arg>expected_status=400</arg>
<doc>Sends a PUT request on a previously created HTTP Session.</doc>
<msg timestamp="20230811 16:32:39.026" level="INFO">PUT Request : url=http://localhost:8080/api/v1/addMovie 
 path_url=/api/v1/addMovie 
 headers={'User-Agent': 'python-requests/2.31.0', 'Accept-Encoding': 'gzip, deflate', 'Accept': '*/*', 'Connection': 'keep-alive', 'Content-Type': 'application/json', 'Content-Length': '88'} 
 body=b'{"name": "DriverLiterallyMe", "actorId": "nm111111111113333333333333333333333333333333"}' 
 </msg>
<msg timestamp="20230811 16:32:39.026" level="INFO">PUT Response : url=http://localhost:8080/api/v1/addMovie 
 status=400, reason=Bad Request 
 headers={'Date': 'Fri, 11 Aug 2023 23:32:39 GMT', 'Content-length': '11'} 
 body=BAD REQUEST 
 </msg>
<msg timestamp="20230811 16:32:39.026" level="INFO">${resp} = &lt;Response [400]&gt;</msg>
<status status="PASS" starttime="20230811 16:32:36.806" endtime="20230811 16:32:39.026"/>
</kw>
<timeout value="30 seconds"/>
<status status="PASS" starttime="20230811 16:32:36.802" endtime="20230811 16:32:39.026"/>
</test>
<test id="s1-t5" name="addMovieDupe" line="35">
<kw name="Create Session" library="RequestsLibrary" type="SETUP">
<arg>localhost</arg>
<arg>http://localhost:8080</arg>
<doc>Create Session: create a HTTP session to a server</doc>
<msg timestamp="20230811 16:32:39.028" level="INFO">Creating Session using : alias=localhost, url=http://localhost:8080, headers={},                     cookies={}, auth=None, timeout=None, proxies=None, verify=False,                     debug=0 </msg>
<status status="PASS" starttime="20230811 16:32:39.028" endtime="20230811 16:32:39.028"/>
</kw>
<kw name="Create Dictionary" library="BuiltIn">
<var>${headers}</var>
<arg>Content-Type=application/json</arg>
<doc>Creates and returns a dictionary based on the given ``items``.</doc>
<msg timestamp="20230811 16:32:39.028" level="INFO">${headers} = {'Content-Type': 'application/json'}</msg>
<status status="PASS" starttime="20230811 16:32:39.028" endtime="20230811 16:32:39.028"/>
</kw>
<kw name="Create Dictionary" library="BuiltIn">
<var>${params1}</var>
<arg>name=Oppenheimer</arg>
<arg>movieId=nm48123</arg>
<doc>Creates and returns a dictionary based on the given ``items``.</doc>
<msg timestamp="20230811 16:32:39.029" level="INFO">${params1} = {'name': 'Oppenheimer', 'movieId': 'nm48123'}</msg>
<status status="PASS" starttime="20230811 16:32:39.029" endtime="20230811 16:32:39.029"/>
</kw>
<kw name="Create Dictionary" library="BuiltIn">
<var>${params2}</var>
<arg>name=Barbie</arg>
<arg>movieId=nm48123</arg>
<doc>Creates and returns a dictionary based on the given ``items``.</doc>
<msg timestamp="20230811 16:32:39.029" level="INFO">${params2} = {'name': 'Barbie', 'movieId': 'nm48123'}</msg>
<status status="PASS" starttime="20230811 16:32:39.029" endtime="20230811 16:32:39.029"/>
</kw>
<kw name="PUT On Session" library="RequestsLibrary">
<var>${resp}</var>
<arg>localhost</arg>
<arg>/api/v1/addMovie</arg>
<arg>json=${params1}</arg>
<arg>headers=${headers}</arg>
<arg>expected_status=200</arg>
<doc>Sends a PUT request on a previously created HTTP Session.</doc>
<msg timestamp="20230811 16:32:41.259" level="INFO">PUT Request : url=http://localhost:8080/api/v1/addMovie 
 path_url=/api/v1/addMovie 
 headers={'User-Agent': 'python-requests/2.31.0', 'Accept-Encoding': 'gzip, deflate', 'Accept': '*/*', 'Connection': 'keep-alive', 'Content-Type': 'application/json', 'Content-Length': '45'} 
 body=b'{"name": "Oppenheimer", "movieId": "nm48123"}' 
 </msg>
<msg timestamp="20230811 16:32:41.260" level="INFO">PUT Response : url=http://localhost:8080/api/v1/addMovie 
 status=200, reason=OK 
 headers={'Date': 'Fri, 11 Aug 2023 23:32:41 GMT', 'Content-length': '2'} 
 body=OK 
 </msg>
<msg timestamp="20230811 16:32:41.260" level="INFO">${resp} = &lt;Response [200]&gt;</msg>
<status status="PASS" starttime="20230811 16:32:39.029" endtime="20230811 16:32:41.260"/>
</kw>
<kw name="PUT On Session" library="RequestsLibrary">
<var>${resp}</var>
<arg>localhost</arg>
<arg>/api/v1/addMovie</arg>
<arg>json=${params2}</arg>
<arg>headers=${headers}</arg>
<arg>expected_status=400</arg>
<doc>Sends a PUT request on a previously created HTTP Session.</doc>
<msg timestamp="20230811 16:32:43.581" level="INFO">PUT Request : url=http://localhost:8080/api/v1/addMovie 
 path_url=/api/v1/addMovie 
 headers={'User-Agent': 'python-requests/2.31.0', 'Accept-Encoding': 'gzip, deflate', 'Accept': '*/*', 'Connection': 'keep-alive', 'Content-Type': 'application/json', 'Content-Length': '40'} 
 body=b'{"name": "Barbie", "movieId": "nm48123"}' 
 </msg>
<msg timestamp="20230811 16:32:43.582" level="INFO">PUT Response : url=http://localhost:8080/api/v1/addMovie 
 status=400, reason=Bad Request 
 headers={'Date': 'Fri, 11 Aug 2023 23:32:43 GMT', 'Content-length': '11'} 
 body=BAD REQUEST 
 </msg>
<msg timestamp="20230811 16:32:43.582" level="INFO">${resp} = &lt;Response [400]&gt;</msg>
<status status="PASS" starttime="20230811 16:32:41.262" endtime="20230811 16:32:43.583"/>
</kw>
<timeout value="30 seconds"/>
<status status="PASS" starttime="20230811 16:32:39.027" endtime="20230811 16:32:43.584"/>
</test>
<test id="s1-t6" name="addRelationshipPass" line="44">
<kw name="Create Session" library="RequestsLibrary" type="SETUP">
<arg>localhost</arg>
<arg>http://localhost:8080</arg>
<doc>Create Session: create a HTTP session to a server</doc>
<msg timestamp="20230811 16:32:43.592" level="INFO">Creating Session using : alias=localhost, url=http://localhost:8080, headers={},                     cookies={}, auth=None, timeout=None, proxies=None, verify=False,                     debug=0 </msg>
<status status="PASS" starttime="20230811 16:32:43.590" endtime="20230811 16:32:43.592"/>
</kw>
<kw name="Create Dictionary" library="BuiltIn">
<var>${headers}</var>
<arg>Content-Type=application/json</arg>
<doc>Creates and returns a dictionary based on the given ``items``.</doc>
<msg timestamp="20230811 16:32:43.598" level="INFO">${headers} = {'Content-Type': 'application/json'}</msg>
<status status="PASS" starttime="20230811 16:32:43.598" endtime="20230811 16:32:43.598"/>
</kw>
<kw name="Create Dictionary" library="BuiltIn">
<var>${params}</var>
<arg>actorId=nm7001850</arg>
<arg>movieId=nm10385</arg>
<doc>Creates and returns a dictionary based on the given ``items``.</doc>
<msg timestamp="20230811 16:32:43.600" level="INFO">${params} = {'actorId': 'nm7001850', 'movieId': 'nm10385'}</msg>
<status status="PASS" starttime="20230811 16:32:43.599" endtime="20230811 16:32:43.600"/>
</kw>
<kw name="PUT On Session" library="RequestsLibrary">
<var>${resp}</var>
<arg>localhost</arg>
<arg>/api/v1/addRelationship</arg>
<arg>json=${params}</arg>
<arg>headers=${headers}</arg>
<arg>expected_status=200</arg>
<doc>Sends a PUT request on a previously created HTTP Session.</doc>
<msg timestamp="20230811 16:32:45.825" level="INFO">PUT Request : url=http://localhost:8080/api/v1/addRelationship 
 path_url=/api/v1/addRelationship 
 headers={'User-Agent': 'python-requests/2.31.0', 'Accept-Encoding': 'gzip, deflate', 'Accept': '*/*', 'Connection': 'keep-alive', 'Content-Type': 'application/json', 'Content-Length': '46'} 
 body=b'{"actorId": "nm7001850", "movieId": "nm10385"}' 
 </msg>
<msg timestamp="20230811 16:32:45.826" level="INFO">PUT Response : url=http://localhost:8080/api/v1/addRelationship 
 status=200, reason=OK 
 headers={'Date': 'Fri, 11 Aug 2023 23:32:45 GMT', 'Content-length': '2'} 
 body=OK 
 </msg>
<msg timestamp="20230811 16:32:45.826" level="INFO">${resp} = &lt;Response [200]&gt;</msg>
<status status="PASS" starttime="20230811 16:32:43.600" endtime="20230811 16:32:45.826"/>
</kw>
<timeout value="30 seconds"/>
<status status="PASS" starttime="20230811 16:32:43.589" endtime="20230811 16:32:45.826"/>
</test>
<test id="s1-t7" name="addRelationshipDuplicate" line="49">
<kw name="Create Session" library="RequestsLibrary" type="SETUP">
<arg>localhost</arg>
<arg>http://localhost:8080</arg>
<doc>Create Session: create a HTTP session to a server</doc>
<msg timestamp="20230811 16:32:45.828" level="INFO">Creating Session using : alias=localhost, url=http://localhost:8080, headers={},                     cookies={}, auth=None, timeout=None, proxies=None, verify=False,                     debug=0 </msg>
<status status="PASS" starttime="20230811 16:32:45.827" endtime="20230811 16:32:45.828"/>
</kw>
<kw name="Create Dictionary" library="BuiltIn">
<var>${headers}</var>
<arg>Content-Type=application/json</arg>
<doc>Creates and returns a dictionary based on the given ``items``.</doc>
<msg timestamp="20230811 16:32:45.828" level="INFO">${headers} = {'Content-Type': 'application/json'}</msg>
<status status="PASS" starttime="20230811 16:32:45.828" endtime="20230811 16:32:45.828"/>
</kw>
<kw name="Create Dictionary" library="BuiltIn">
<var>${params}</var>
<arg>actorId=nm7001850</arg>
<arg>movieId=nm10385</arg>
<doc>Creates and returns a dictionary based on the given ``items``.</doc>
<msg timestamp="20230811 16:32:45.828" level="INFO">${params} = {'actorId': 'nm7001850', 'movieId': 'nm10385'}</msg>
<status status="PASS" starttime="20230811 16:32:45.828" endtime="20230811 16:32:45.828"/>
</kw>
<kw name="PUT On Session" library="RequestsLibrary">
<var>${resp}</var>
<arg>localhost</arg>
<arg>/api/v1/addRelationship</arg>
<arg>json=${params}</arg>
<arg>headers=${headers}</arg>
<arg>expected_status=400</arg>
<doc>Sends a PUT request on a previously created HTTP Session.</doc>
<msg timestamp="20230811 16:32:48.152" level="INFO">PUT Request : url=http://localhost:8080/api/v1/addRelationship 
 path_url=/api/v1/addRelationship 
 headers={'User-Agent': 'python-requests/2.31.0', 'Accept-Encoding': 'gzip, deflate', 'Accept': '*/*', 'Connection': 'keep-alive', 'Content-Type': 'application/json', 'Content-Length': '46'} 
 body=b'{"actorId": "nm7001850", "movieId": "nm10385"}' 
 </msg>
<msg timestamp="20230811 16:32:48.153" level="INFO">PUT Response : url=http://localhost:8080/api/v1/addRelationship 
 status=400, reason=Bad Request 
 headers={'Date': 'Fri, 11 Aug 2023 23:32:48 GMT', 'Content-length': '11'} 
 body=BAD REQUEST 
 </msg>
<msg timestamp="20230811 16:32:48.153" level="INFO">${resp} = &lt;Response [400]&gt;</msg>
<status status="PASS" starttime="20230811 16:32:45.829" endtime="20230811 16:32:48.153"/>
</kw>
<timeout value="30 seconds"/>
<status status="PASS" starttime="20230811 16:32:45.827" endtime="20230811 16:32:48.154"/>
</test>
<test id="s1-t8" name="addRelationshipDuplicate2" line="54">
<kw name="Create Session" library="RequestsLibrary" type="SETUP">
<arg>localhost</arg>
<arg>http://localhost:8080</arg>
<doc>Create Session: create a HTTP session to a server</doc>
<msg timestamp="20230811 16:32:48.156" level="INFO">Creating Session using : alias=localhost, url=http://localhost:8080, headers={},                     cookies={}, auth=None, timeout=None, proxies=None, verify=False,                     debug=0 </msg>
<status status="PASS" starttime="20230811 16:32:48.156" endtime="20230811 16:32:48.156"/>
</kw>
<kw name="Create Dictionary" library="BuiltIn">
<var>${headers}</var>
<arg>Content-Type=application/json</arg>
<doc>Creates and returns a dictionary based on the given ``items``.</doc>
<msg timestamp="20230811 16:32:48.156" level="INFO">${headers} = {'Content-Type': 'application/json'}</msg>
<status status="PASS" starttime="20230811 16:32:48.156" endtime="20230811 16:32:48.156"/>
</kw>
<kw name="Create Dictionary" library="BuiltIn">
<var>${params1}</var>
<arg>actorId=nm7001850</arg>
<arg>movieId=nm48123</arg>
<doc>Creates and returns a dictionary based on the given ``items``.</doc>
<msg timestamp="20230811 16:32:48.157" level="INFO">${params1} = {'actorId': 'nm7001850', 'movieId': 'nm48123'}</msg>
<status status="PASS" starttime="20230811 16:32:48.157" endtime="20230811 16:32:48.157"/>
</kw>
<kw name="PUT On Session" library="RequestsLibrary">
<var>${resp}</var>
<arg>localhost</arg>
<arg>/api/v1/addRelationship</arg>
<arg>json=${params1}</arg>
<arg>headers=${headers}</arg>
<arg>expected_status=200</arg>
<doc>Sends a PUT request on a previously created HTTP Session.</doc>
<msg timestamp="20230811 16:32:50.403" level="INFO">PUT Request : url=http://localhost:8080/api/v1/addRelationship 
 path_url=/api/v1/addRelationship 
 headers={'User-Agent': 'python-requests/2.31.0', 'Accept-Encoding': 'gzip, deflate', 'Accept': '*/*', 'Connection': 'keep-alive', 'Content-Type': 'application/json', 'Content-Length': '46'} 
 body=b'{"actorId": "nm7001850", "movieId": "nm48123"}' 
 </msg>
<msg timestamp="20230811 16:32:50.403" level="INFO">PUT Response : url=http://localhost:8080/api/v1/addRelationship 
 status=200, reason=OK 
 headers={'Date': 'Fri, 11 Aug 2023 23:32:50 GMT', 'Content-length': '2'} 
 body=OK 
 </msg>
<msg timestamp="20230811 16:32:50.403" level="INFO">${resp} = &lt;Response [200]&gt;</msg>
<status status="PASS" starttime="20230811 16:32:48.157" endtime="20230811 16:32:50.403"/>
</kw>
<kw name="Create Dictionary" library="BuiltIn">
<var>${params2}</var>
<arg>movieId=nm48123</arg>
<arg>actorId=nm7001850</arg>
<doc>Creates and returns a dictionary based on the given ``items``.</doc>
<msg timestamp="20230811 16:32:50.404" level="INFO">${params2} = {'movieId': 'nm48123', 'actorId': 'nm7001850'}</msg>
<status status="PASS" starttime="20230811 16:32:50.404" endtime="20230811 16:32:50.404"/>
</kw>
<kw name="PUT On Session" library="RequestsLibrary">
<var>${resp}</var>
<arg>localhost</arg>
<arg>/api/v1/addRelationship</arg>
<arg>json=${params2}</arg>
<arg>headers=${headers}</arg>
<arg>expected_status=400</arg>
<doc>Sends a PUT request on a previously created HTTP Session.</doc>
<msg timestamp="20230811 16:32:52.622" level="INFO">PUT Request : url=http://localhost:8080/api/v1/addRelationship 
 path_url=/api/v1/addRelationship 
 headers={'User-Agent': 'python-requests/2.31.0', 'Accept-Encoding': 'gzip, deflate', 'Accept': '*/*', 'Connection': 'keep-alive', 'Content-Type': 'application/json', 'Content-Length': '46'} 
 body=b'{"movieId": "nm48123", "actorId": "nm7001850"}' 
 </msg>
<msg timestamp="20230811 16:32:52.623" level="INFO">PUT Response : url=http://localhost:8080/api/v1/addRelationship 
 status=400, reason=Bad Request 
 headers={'Date': 'Fri, 11 Aug 2023 23:32:52 GMT', 'Content-length': '11'} 
 body=BAD REQUEST 
 </msg>
<msg timestamp="20230811 16:32:52.623" level="INFO">${resp} = &lt;Response [400]&gt;</msg>
<status status="PASS" starttime="20230811 16:32:50.404" endtime="20230811 16:32:52.624"/>
</kw>
<timeout value="30 seconds"/>
<status status="PASS" starttime="20230811 16:32:48.155" endtime="20230811 16:32:52.625"/>
</test>
<status status="PASS" starttime="20230811 16:32:29.893" endtime="20230811 16:32:52.631"/>
</suite>
<statistics>
<total>
<stat pass="8" fail="0" skip="0">All Tests</stat>
</total>
<tag>
</tag>
<suite>
<stat pass="8" fail="0" skip="0" id="s1" name="testNeo4j">testNeo4j</stat>
</suite>
</statistics>
<errors>
</errors>
</robot>
