<?xml version="1.0" encoding="UTF-8"?>
<robot generator="Robot 6.1.1 (Python 3.11.4 on win32)" generated="20230813 22:36:10.545" rpa="false" schemaversion="4">
<suite id="s1" name="testNeo4j" source="G:\Other computers\My MacBook Pro M1\Repositories\project\src\test\testNeo4j.robot">
<test id="s1-t1" name="baconToAllFail" line="16">
<kw name="Create Session" library="RequestsLibrary" type="SETUP">
<arg>localhost</arg>
<arg>http://localhost:8080</arg>
<doc>Create Session: create a HTTP session to a server</doc>
<msg timestamp="20230813 22:36:10.640" level="INFO">Creating Session using : alias=localhost, url=http://localhost:8080, headers={},                     cookies={}, auth=None, timeout=None, proxies=None, verify=False,                     debug=0 </msg>
<status status="PASS" starttime="20230813 22:36:10.640" endtime="20230813 22:36:10.640"/>
</kw>
<kw name="Create Dictionary" library="BuiltIn">
<var>${headers}</var>
<arg>Content-Type=application/json</arg>
<doc>Creates and returns a dictionary based on the given ``items``.</doc>
<msg timestamp="20230813 22:36:10.641" level="INFO">${headers} = {'Content-Type': 'application/json'}</msg>
<status status="PASS" starttime="20230813 22:36:10.641" endtime="20230813 22:36:10.641"/>
</kw>
<kw name="PUT On Session" library="RequestsLibrary">
<var>${resp}</var>
<arg>localhost</arg>
<arg>/api/v1/baconToAll</arg>
<arg>headers=${headers}</arg>
<arg>expected_status=404</arg>
<doc>Sends a PUT request on a previously created HTTP Session.</doc>
<msg timestamp="20230813 22:36:12.868" level="INFO">PUT Request : url=http://localhost:8080/api/v1/baconToAll 
 path_url=/api/v1/baconToAll 
 headers={'User-Agent': 'python-requests/2.31.0', 'Accept-Encoding': 'gzip, deflate', 'Accept': '*/*', 'Connection': 'keep-alive', 'Content-Type': 'application/json', 'Content-Length': '0'} 
 body=None 
 </msg>
<msg timestamp="20230813 22:36:12.872" level="INFO">PUT Response : url=http://localhost:8080/api/v1/baconToAll 
 status=404, reason=Not Found 
 headers={'Date': 'Mon, 14 Aug 2023 05:36:12 GMT', 'Content-length': '9'} 
 body=NOT FOUND 
 </msg>
<msg timestamp="20230813 22:36:12.873" level="INFO">${resp} = &lt;Response [404]&gt;</msg>
<status status="PASS" starttime="20230813 22:36:10.641" endtime="20230813 22:36:12.873"/>
</kw>
<timeout value="30 seconds"/>
<status status="PASS" starttime="20230813 22:36:10.639" endtime="20230813 22:36:12.874"/>
</test>
<test id="s1-t2" name="addActorCorrectPass" line="23">
<kw name="Create Session" library="RequestsLibrary" type="SETUP">
<arg>localhost</arg>
<arg>http://localhost:8080</arg>
<doc>Create Session: create a HTTP session to a server</doc>
<msg timestamp="20230813 22:36:12.878" level="INFO">Creating Session using : alias=localhost, url=http://localhost:8080, headers={},                     cookies={}, auth=None, timeout=None, proxies=None, verify=False,                     debug=0 </msg>
<status status="PASS" starttime="20230813 22:36:12.878" endtime="20230813 22:36:12.879"/>
</kw>
<kw name="Create Dictionary" library="BuiltIn">
<var>${headers}</var>
<arg>Content-Type=application/json</arg>
<doc>Creates and returns a dictionary based on the given ``items``.</doc>
<msg timestamp="20230813 22:36:12.880" level="INFO">${headers} = {'Content-Type': 'application/json'}</msg>
<status status="PASS" starttime="20230813 22:36:12.879" endtime="20230813 22:36:12.880"/>
</kw>
<kw name="Create Dictionary" library="BuiltIn">
<var>${params}</var>
<arg>name=bob</arg>
<arg>actorId=nm7001850</arg>
<doc>Creates and returns a dictionary based on the given ``items``.</doc>
<msg timestamp="20230813 22:36:12.881" level="INFO">${params} = {'name': 'bob', 'actorId': 'nm7001850'}</msg>
<status status="PASS" starttime="20230813 22:36:12.880" endtime="20230813 22:36:12.881"/>
</kw>
<kw name="PUT On Session" library="RequestsLibrary">
<var>${resp}</var>
<arg>localhost</arg>
<arg>/api/v1/addActor</arg>
<arg>json=${params}</arg>
<arg>headers=${headers}</arg>
<arg>expected_status=200</arg>
<doc>Sends a PUT request on a previously created HTTP Session.</doc>
<msg timestamp="20230813 22:36:15.210" level="INFO">PUT Request : url=http://localhost:8080/api/v1/addActor 
 path_url=/api/v1/addActor 
 headers={'User-Agent': 'python-requests/2.31.0', 'Accept-Encoding': 'gzip, deflate', 'Accept': '*/*', 'Connection': 'keep-alive', 'Content-Type': 'application/json', 'Content-Length': '39'} 
 body=b'{"name": "bob", "actorId": "nm7001850"}' 
 </msg>
<msg timestamp="20230813 22:36:15.210" level="INFO">PUT Response : url=http://localhost:8080/api/v1/addActor 
 status=200, reason=OK 
 headers={'Date': 'Mon, 14 Aug 2023 05:36:15 GMT', 'Content-length': '2'} 
 body=OK 
 </msg>
<msg timestamp="20230813 22:36:15.210" level="INFO">${resp} = &lt;Response [200]&gt;</msg>
<status status="PASS" starttime="20230813 22:36:12.881" endtime="20230813 22:36:15.210"/>
</kw>
<timeout value="30 seconds"/>
<status status="PASS" starttime="20230813 22:36:12.877" endtime="20230813 22:36:15.210"/>
</test>
<test id="s1-t3" name="addActorFail" line="28">
<kw name="Create Session" library="RequestsLibrary" type="SETUP">
<arg>localhost</arg>
<arg>http://localhost:8080</arg>
<doc>Create Session: create a HTTP session to a server</doc>
<msg timestamp="20230813 22:36:15.212" level="INFO">Creating Session using : alias=localhost, url=http://localhost:8080, headers={},                     cookies={}, auth=None, timeout=None, proxies=None, verify=False,                     debug=0 </msg>
<status status="PASS" starttime="20230813 22:36:15.211" endtime="20230813 22:36:15.212"/>
</kw>
<kw name="Create Dictionary" library="BuiltIn">
<var>${headers}</var>
<arg>Content-Type=application/json</arg>
<doc>Creates and returns a dictionary based on the given ``items``.</doc>
<msg timestamp="20230813 22:36:15.213" level="INFO">${headers} = {'Content-Type': 'application/json'}</msg>
<status status="PASS" starttime="20230813 22:36:15.212" endtime="20230813 22:36:15.213"/>
</kw>
<kw name="Create Dictionary" library="BuiltIn">
<var>${params}</var>
<arg>name=Alice</arg>
<arg>movieId=nm1111111111111111111111111111111</arg>
<doc>Creates and returns a dictionary based on the given ``items``.</doc>
<msg timestamp="20230813 22:36:15.213" level="INFO">${params} = {'name': 'Alice', 'movieId': 'nm1111111111111111111111111111111'}</msg>
<status status="PASS" starttime="20230813 22:36:15.213" endtime="20230813 22:36:15.213"/>
</kw>
<kw name="PUT On Session" library="RequestsLibrary">
<var>${resp}</var>
<arg>localhost</arg>
<arg>/api/v1/addActor</arg>
<arg>json=${params}</arg>
<arg>headers=${headers}</arg>
<arg>expected_status=400</arg>
<doc>Sends a PUT request on a previously created HTTP Session.</doc>
<msg timestamp="20230813 22:36:17.432" level="INFO">PUT Request : url=http://localhost:8080/api/v1/addActor 
 path_url=/api/v1/addActor 
 headers={'User-Agent': 'python-requests/2.31.0', 'Accept-Encoding': 'gzip, deflate', 'Accept': '*/*', 'Connection': 'keep-alive', 'Content-Type': 'application/json', 'Content-Length': '65'} 
 body=b'{"name": "Alice", "movieId": "nm1111111111111111111111111111111"}' 
 </msg>
<msg timestamp="20230813 22:36:17.433" level="INFO">PUT Response : url=http://localhost:8080/api/v1/addActor 
 status=400, reason=Bad Request 
 headers={'Date': 'Mon, 14 Aug 2023 05:36:17 GMT', 'Content-length': '11'} 
 body=BAD REQUEST 
 </msg>
<msg timestamp="20230813 22:36:17.433" level="INFO">${resp} = &lt;Response [400]&gt;</msg>
<status status="PASS" starttime="20230813 22:36:15.213" endtime="20230813 22:36:17.434"/>
</kw>
<timeout value="30 seconds"/>
<status status="PASS" starttime="20230813 22:36:15.211" endtime="20230813 22:36:17.434"/>
</test>
<test id="s1-t4" name="addMoviePass" line="35">
<kw name="Create Session" library="RequestsLibrary" type="SETUP">
<arg>localhost</arg>
<arg>http://localhost:8080</arg>
<doc>Create Session: create a HTTP session to a server</doc>
<msg timestamp="20230813 22:36:17.435" level="INFO">Creating Session using : alias=localhost, url=http://localhost:8080, headers={},                     cookies={}, auth=None, timeout=None, proxies=None, verify=False,                     debug=0 </msg>
<status status="PASS" starttime="20230813 22:36:17.435" endtime="20230813 22:36:17.435"/>
</kw>
<kw name="Create Dictionary" library="BuiltIn">
<var>${headers}</var>
<arg>Content-Type=application/json</arg>
<doc>Creates and returns a dictionary based on the given ``items``.</doc>
<msg timestamp="20230813 22:36:17.435" level="INFO">${headers} = {'Content-Type': 'application/json'}</msg>
<status status="PASS" starttime="20230813 22:36:17.435" endtime="20230813 22:36:17.435"/>
</kw>
<kw name="Create Dictionary" library="BuiltIn">
<var>${params}</var>
<arg>name=Wall-E</arg>
<arg>movieId=nm10385</arg>
<doc>Creates and returns a dictionary based on the given ``items``.</doc>
<msg timestamp="20230813 22:36:17.436" level="INFO">${params} = {'name': 'Wall-E', 'movieId': 'nm10385'}</msg>
<status status="PASS" starttime="20230813 22:36:17.435" endtime="20230813 22:36:17.436"/>
</kw>
<kw name="PUT On Session" library="RequestsLibrary">
<var>${resp}</var>
<arg>localhost</arg>
<arg>/api/v1/addMovie</arg>
<arg>json=${params}</arg>
<arg>headers=${headers}</arg>
<arg>expected_status=200</arg>
<doc>Sends a PUT request on a previously created HTTP Session.</doc>
<msg timestamp="20230813 22:36:19.754" level="INFO">PUT Request : url=http://localhost:8080/api/v1/addMovie 
 path_url=/api/v1/addMovie 
 headers={'User-Agent': 'python-requests/2.31.0', 'Accept-Encoding': 'gzip, deflate', 'Accept': '*/*', 'Connection': 'keep-alive', 'Content-Type': 'application/json', 'Content-Length': '40'} 
 body=b'{"name": "Wall-E", "movieId": "nm10385"}' 
 </msg>
<msg timestamp="20230813 22:36:19.755" level="INFO">PUT Response : url=http://localhost:8080/api/v1/addMovie 
 status=200, reason=OK 
 headers={'Date': 'Mon, 14 Aug 2023 05:36:19 GMT', 'Content-length': '2'} 
 body=OK 
 </msg>
<msg timestamp="20230813 22:36:19.755" level="INFO">${resp} = &lt;Response [200]&gt;</msg>
<status status="PASS" starttime="20230813 22:36:17.436" endtime="20230813 22:36:19.755"/>
</kw>
<timeout value="30 seconds"/>
<status status="PASS" starttime="20230813 22:36:17.434" endtime="20230813 22:36:19.757"/>
</test>
<test id="s1-t5" name="addMovieFail" line="40">
<kw name="Create Session" library="RequestsLibrary" type="SETUP">
<arg>localhost</arg>
<arg>http://localhost:8080</arg>
<doc>Create Session: create a HTTP session to a server</doc>
<msg timestamp="20230813 22:36:19.762" level="INFO">Creating Session using : alias=localhost, url=http://localhost:8080, headers={},                     cookies={}, auth=None, timeout=None, proxies=None, verify=False,                     debug=0 </msg>
<status status="PASS" starttime="20230813 22:36:19.761" endtime="20230813 22:36:19.763"/>
</kw>
<kw name="Create Dictionary" library="BuiltIn">
<var>${headers}</var>
<arg>Content-Type=application/json</arg>
<doc>Creates and returns a dictionary based on the given ``items``.</doc>
<msg timestamp="20230813 22:36:19.765" level="INFO">${headers} = {'Content-Type': 'application/json'}</msg>
<status status="PASS" starttime="20230813 22:36:19.764" endtime="20230813 22:36:19.765"/>
</kw>
<kw name="Create Dictionary" library="BuiltIn">
<var>${params}</var>
<arg>name=DriverLiterallyMe</arg>
<arg>actorId=nm111111111113333333333333333333333333333333</arg>
<doc>Creates and returns a dictionary based on the given ``items``.</doc>
<msg timestamp="20230813 22:36:19.767" level="INFO">${params} = {'name': 'DriverLiterallyMe', 'actorId': 'nm111111111113333333333333333333333333333333'}</msg>
<status status="PASS" starttime="20230813 22:36:19.767" endtime="20230813 22:36:19.768"/>
</kw>
<kw name="PUT On Session" library="RequestsLibrary">
<var>${resp}</var>
<arg>localhost</arg>
<arg>/api/v1/addMovie</arg>
<arg>json=${params}</arg>
<arg>headers=${headers}</arg>
<arg>expected_status=400</arg>
<doc>Sends a PUT request on a previously created HTTP Session.</doc>
<msg timestamp="20230813 22:36:22.087" level="INFO">PUT Request : url=http://localhost:8080/api/v1/addMovie 
 path_url=/api/v1/addMovie 
 headers={'User-Agent': 'python-requests/2.31.0', 'Accept-Encoding': 'gzip, deflate', 'Accept': '*/*', 'Connection': 'keep-alive', 'Content-Type': 'application/json', 'Content-Length': '88'} 
 body=b'{"name": "DriverLiterallyMe", "actorId": "nm111111111113333333333333333333333333333333"}' 
 </msg>
<msg timestamp="20230813 22:36:22.087" level="INFO">PUT Response : url=http://localhost:8080/api/v1/addMovie 
 status=400, reason=Bad Request 
 headers={'Date': 'Mon, 14 Aug 2023 05:36:22 GMT', 'Content-length': '11'} 
 body=BAD REQUEST 
 </msg>
<msg timestamp="20230813 22:36:22.088" level="INFO">${resp} = &lt;Response [400]&gt;</msg>
<status status="PASS" starttime="20230813 22:36:19.768" endtime="20230813 22:36:22.088"/>
</kw>
<timeout value="30 seconds"/>
<status status="PASS" starttime="20230813 22:36:19.759" endtime="20230813 22:36:22.089"/>
</test>
<test id="s1-t6" name="addMovieFail2" line="45">
<kw name="Create Session" library="RequestsLibrary" type="SETUP">
<arg>localhost</arg>
<arg>http://localhost:8080</arg>
<doc>Create Session: create a HTTP session to a server</doc>
<msg timestamp="20230813 22:36:22.094" level="INFO">Creating Session using : alias=localhost, url=http://localhost:8080, headers={},                     cookies={}, auth=None, timeout=None, proxies=None, verify=False,                     debug=0 </msg>
<status status="PASS" starttime="20230813 22:36:22.093" endtime="20230813 22:36:22.095"/>
</kw>
<kw name="Create Dictionary" library="BuiltIn">
<var>${headers}</var>
<arg>Content-Type=application/json</arg>
<doc>Creates and returns a dictionary based on the given ``items``.</doc>
<msg timestamp="20230813 22:36:22.096" level="INFO">${headers} = {'Content-Type': 'application/json'}</msg>
<status status="PASS" starttime="20230813 22:36:22.096" endtime="20230813 22:36:22.096"/>
</kw>
<kw name="Create Dictionary" library="BuiltIn">
<var>${params1}</var>
<arg>name=Oppenheimer</arg>
<arg>movieId=nm48123</arg>
<doc>Creates and returns a dictionary based on the given ``items``.</doc>
<msg timestamp="20230813 22:36:22.098" level="INFO">${params1} = {'name': 'Oppenheimer', 'movieId': 'nm48123'}</msg>
<status status="PASS" starttime="20230813 22:36:22.097" endtime="20230813 22:36:22.098"/>
</kw>
<kw name="Create Dictionary" library="BuiltIn">
<var>${params2}</var>
<arg>name=Barbie</arg>
<arg>movieId=nm48123</arg>
<doc>Creates and returns a dictionary based on the given ``items``.</doc>
<msg timestamp="20230813 22:36:22.100" level="INFO">${params2} = {'name': 'Barbie', 'movieId': 'nm48123'}</msg>
<status status="PASS" starttime="20230813 22:36:22.100" endtime="20230813 22:36:22.101"/>
</kw>
<kw name="PUT On Session" library="RequestsLibrary">
<var>${resp}</var>
<arg>localhost</arg>
<arg>/api/v1/addMovie</arg>
<arg>json=${params1}</arg>
<arg>headers=${headers}</arg>
<arg>expected_status=200</arg>
<doc>Sends a PUT request on a previously created HTTP Session.</doc>
<msg timestamp="20230813 22:36:24.428" level="INFO">PUT Request : url=http://localhost:8080/api/v1/addMovie 
 path_url=/api/v1/addMovie 
 headers={'User-Agent': 'python-requests/2.31.0', 'Accept-Encoding': 'gzip, deflate', 'Accept': '*/*', 'Connection': 'keep-alive', 'Content-Type': 'application/json', 'Content-Length': '45'} 
 body=b'{"name": "Oppenheimer", "movieId": "nm48123"}' 
 </msg>
<msg timestamp="20230813 22:36:24.428" level="INFO">PUT Response : url=http://localhost:8080/api/v1/addMovie 
 status=200, reason=OK 
 headers={'Date': 'Mon, 14 Aug 2023 05:36:24 GMT', 'Content-length': '2'} 
 body=OK 
 </msg>
<msg timestamp="20230813 22:36:24.429" level="INFO">${resp} = &lt;Response [200]&gt;</msg>
<status status="PASS" starttime="20230813 22:36:22.101" endtime="20230813 22:36:24.429"/>
</kw>
<kw name="PUT On Session" library="RequestsLibrary">
<var>${resp}</var>
<arg>localhost</arg>
<arg>/api/v1/addMovie</arg>
<arg>json=${params2}</arg>
<arg>headers=${headers}</arg>
<arg>expected_status=400</arg>
<doc>Sends a PUT request on a previously created HTTP Session.</doc>
<msg timestamp="20230813 22:36:26.755" level="INFO">PUT Request : url=http://localhost:8080/api/v1/addMovie 
 path_url=/api/v1/addMovie 
 headers={'User-Agent': 'python-requests/2.31.0', 'Accept-Encoding': 'gzip, deflate', 'Accept': '*/*', 'Connection': 'keep-alive', 'Content-Type': 'application/json', 'Content-Length': '40'} 
 body=b'{"name": "Barbie", "movieId": "nm48123"}' 
 </msg>
<msg timestamp="20230813 22:36:26.755" level="INFO">PUT Response : url=http://localhost:8080/api/v1/addMovie 
 status=400, reason=Bad Request 
 headers={'Date': 'Mon, 14 Aug 2023 05:36:26 GMT', 'Content-length': '11'} 
 body=BAD REQUEST 
 </msg>
<msg timestamp="20230813 22:36:26.755" level="INFO">${resp} = &lt;Response [400]&gt;</msg>
<status status="PASS" starttime="20230813 22:36:24.430" endtime="20230813 22:36:26.755"/>
</kw>
<timeout value="30 seconds"/>
<status status="PASS" starttime="20230813 22:36:22.091" endtime="20230813 22:36:26.756"/>
</test>
<test id="s1-t7" name="addRelationshipPass" line="54">
<kw name="Create Session" library="RequestsLibrary" type="SETUP">
<arg>localhost</arg>
<arg>http://localhost:8080</arg>
<doc>Create Session: create a HTTP session to a server</doc>
<msg timestamp="20230813 22:36:26.757" level="INFO">Creating Session using : alias=localhost, url=http://localhost:8080, headers={},                     cookies={}, auth=None, timeout=None, proxies=None, verify=False,                     debug=0 </msg>
<status status="PASS" starttime="20230813 22:36:26.756" endtime="20230813 22:36:26.757"/>
</kw>
<kw name="Create Dictionary" library="BuiltIn">
<var>${headers}</var>
<arg>Content-Type=application/json</arg>
<doc>Creates and returns a dictionary based on the given ``items``.</doc>
<msg timestamp="20230813 22:36:26.757" level="INFO">${headers} = {'Content-Type': 'application/json'}</msg>
<status status="PASS" starttime="20230813 22:36:26.757" endtime="20230813 22:36:26.757"/>
</kw>
<kw name="Create Dictionary" library="BuiltIn">
<var>${params}</var>
<arg>actorId=nm7001850</arg>
<arg>movieId=nm10385</arg>
<doc>Creates and returns a dictionary based on the given ``items``.</doc>
<msg timestamp="20230813 22:36:26.757" level="INFO">${params} = {'actorId': 'nm7001850', 'movieId': 'nm10385'}</msg>
<status status="PASS" starttime="20230813 22:36:26.757" endtime="20230813 22:36:26.758"/>
</kw>
<kw name="PUT On Session" library="RequestsLibrary">
<var>${resp}</var>
<arg>localhost</arg>
<arg>/api/v1/addRelationship</arg>
<arg>json=${params}</arg>
<arg>headers=${headers}</arg>
<arg>expected_status=200</arg>
<doc>Sends a PUT request on a previously created HTTP Session.</doc>
<msg timestamp="20230813 22:36:29.078" level="INFO">PUT Request : url=http://localhost:8080/api/v1/addRelationship 
 path_url=/api/v1/addRelationship 
 headers={'User-Agent': 'python-requests/2.31.0', 'Accept-Encoding': 'gzip, deflate', 'Accept': '*/*', 'Connection': 'keep-alive', 'Content-Type': 'application/json', 'Content-Length': '46'} 
 body=b'{"actorId": "nm7001850", "movieId": "nm10385"}' 
 </msg>
<msg timestamp="20230813 22:36:29.078" level="INFO">PUT Response : url=http://localhost:8080/api/v1/addRelationship 
 status=200, reason=OK 
 headers={'Date': 'Mon, 14 Aug 2023 05:36:29 GMT', 'Content-length': '2'} 
 body=OK 
 </msg>
<msg timestamp="20230813 22:36:29.079" level="INFO">${resp} = &lt;Response [200]&gt;</msg>
<status status="PASS" starttime="20230813 22:36:26.758" endtime="20230813 22:36:29.079"/>
</kw>
<timeout value="30 seconds"/>
<status status="PASS" starttime="20230813 22:36:26.756" endtime="20230813 22:36:29.080"/>
</test>
<test id="s1-t8" name="addRelationshipFail" line="59">
<kw name="Create Session" library="RequestsLibrary" type="SETUP">
<arg>localhost</arg>
<arg>http://localhost:8080</arg>
<doc>Create Session: create a HTTP session to a server</doc>
<msg timestamp="20230813 22:36:29.085" level="INFO">Creating Session using : alias=localhost, url=http://localhost:8080, headers={},                     cookies={}, auth=None, timeout=None, proxies=None, verify=False,                     debug=0 </msg>
<status status="PASS" starttime="20230813 22:36:29.084" endtime="20230813 22:36:29.086"/>
</kw>
<kw name="Create Dictionary" library="BuiltIn">
<var>${headers}</var>
<arg>Content-Type=application/json</arg>
<doc>Creates and returns a dictionary based on the given ``items``.</doc>
<msg timestamp="20230813 22:36:29.088" level="INFO">${headers} = {'Content-Type': 'application/json'}</msg>
<status status="PASS" starttime="20230813 22:36:29.087" endtime="20230813 22:36:29.088"/>
</kw>
<kw name="Create Dictionary" library="BuiltIn">
<var>${params}</var>
<arg>actorId=nm7001850</arg>
<arg>movieId=nm10385</arg>
<doc>Creates and returns a dictionary based on the given ``items``.</doc>
<msg timestamp="20230813 22:36:29.089" level="INFO">${params} = {'actorId': 'nm7001850', 'movieId': 'nm10385'}</msg>
<status status="PASS" starttime="20230813 22:36:29.089" endtime="20230813 22:36:29.089"/>
</kw>
<kw name="PUT On Session" library="RequestsLibrary">
<var>${resp}</var>
<arg>localhost</arg>
<arg>/api/v1/addRelationship</arg>
<arg>json=${params}</arg>
<arg>headers=${headers}</arg>
<arg>expected_status=400</arg>
<doc>Sends a PUT request on a previously created HTTP Session.</doc>
<msg timestamp="20230813 22:36:31.411" level="INFO">PUT Request : url=http://localhost:8080/api/v1/addRelationship 
 path_url=/api/v1/addRelationship 
 headers={'User-Agent': 'python-requests/2.31.0', 'Accept-Encoding': 'gzip, deflate', 'Accept': '*/*', 'Connection': 'keep-alive', 'Content-Type': 'application/json', 'Content-Length': '46'} 
 body=b'{"actorId": "nm7001850", "movieId": "nm10385"}' 
 </msg>
<msg timestamp="20230813 22:36:31.412" level="INFO">PUT Response : url=http://localhost:8080/api/v1/addRelationship 
 status=400, reason=Bad Request 
 headers={'Date': 'Mon, 14 Aug 2023 05:36:31 GMT', 'Content-length': '11'} 
 body=BAD REQUEST 
 </msg>
<msg timestamp="20230813 22:36:31.412" level="INFO">${resp} = &lt;Response [400]&gt;</msg>
<status status="PASS" starttime="20230813 22:36:29.091" endtime="20230813 22:36:31.412"/>
</kw>
<timeout value="30 seconds"/>
<status status="PASS" starttime="20230813 22:36:29.083" endtime="20230813 22:36:31.414"/>
</test>
<test id="s1-t9" name="addRelationshipFail2" line="64">
<kw name="Create Session" library="RequestsLibrary" type="SETUP">
<arg>localhost</arg>
<arg>http://localhost:8080</arg>
<doc>Create Session: create a HTTP session to a server</doc>
<msg timestamp="20230813 22:36:31.419" level="INFO">Creating Session using : alias=localhost, url=http://localhost:8080, headers={},                     cookies={}, auth=None, timeout=None, proxies=None, verify=False,                     debug=0 </msg>
<status status="PASS" starttime="20230813 22:36:31.417" endtime="20230813 22:36:31.419"/>
</kw>
<kw name="Create Dictionary" library="BuiltIn">
<var>${headers}</var>
<arg>Content-Type=application/json</arg>
<doc>Creates and returns a dictionary based on the given ``items``.</doc>
<msg timestamp="20230813 22:36:31.421" level="INFO">${headers} = {'Content-Type': 'application/json'}</msg>
<status status="PASS" starttime="20230813 22:36:31.420" endtime="20230813 22:36:31.421"/>
</kw>
<kw name="Create Dictionary" library="BuiltIn">
<var>${params1}</var>
<arg>actorId=nm7001850</arg>
<arg>movieId=nm48123</arg>
<doc>Creates and returns a dictionary based on the given ``items``.</doc>
<msg timestamp="20230813 22:36:31.424" level="INFO">${params1} = {'actorId': 'nm7001850', 'movieId': 'nm48123'}</msg>
<status status="PASS" starttime="20230813 22:36:31.423" endtime="20230813 22:36:31.424"/>
</kw>
<kw name="PUT On Session" library="RequestsLibrary">
<var>${resp}</var>
<arg>localhost</arg>
<arg>/api/v1/addRelationship</arg>
<arg>json=${params1}</arg>
<arg>headers=${headers}</arg>
<arg>expected_status=200</arg>
<doc>Sends a PUT request on a previously created HTTP Session.</doc>
<msg timestamp="20230813 22:36:33.755" level="INFO">PUT Request : url=http://localhost:8080/api/v1/addRelationship 
 path_url=/api/v1/addRelationship 
 headers={'User-Agent': 'python-requests/2.31.0', 'Accept-Encoding': 'gzip, deflate', 'Accept': '*/*', 'Connection': 'keep-alive', 'Content-Type': 'application/json', 'Content-Length': '46'} 
 body=b'{"actorId": "nm7001850", "movieId": "nm48123"}' 
 </msg>
<msg timestamp="20230813 22:36:33.756" level="INFO">PUT Response : url=http://localhost:8080/api/v1/addRelationship 
 status=200, reason=OK 
 headers={'Date': 'Mon, 14 Aug 2023 05:36:33 GMT', 'Content-length': '2'} 
 body=OK 
 </msg>
<msg timestamp="20230813 22:36:33.757" level="INFO">${resp} = &lt;Response [200]&gt;</msg>
<status status="PASS" starttime="20230813 22:36:31.425" endtime="20230813 22:36:33.757"/>
</kw>
<kw name="Create Dictionary" library="BuiltIn">
<var>${params2}</var>
<arg>movieId=nm48123</arg>
<arg>actorId=nm7001850</arg>
<doc>Creates and returns a dictionary based on the given ``items``.</doc>
<msg timestamp="20230813 22:36:33.759" level="INFO">${params2} = {'movieId': 'nm48123', 'actorId': 'nm7001850'}</msg>
<status status="PASS" starttime="20230813 22:36:33.758" endtime="20230813 22:36:33.759"/>
</kw>
<kw name="PUT On Session" library="RequestsLibrary">
<var>${resp}</var>
<arg>localhost</arg>
<arg>/api/v1/addRelationship</arg>
<arg>json=${params2}</arg>
<arg>headers=${headers}</arg>
<arg>expected_status=400</arg>
<doc>Sends a PUT request on a previously created HTTP Session.</doc>
<msg timestamp="20230813 22:36:36.081" level="INFO">PUT Request : url=http://localhost:8080/api/v1/addRelationship 
 path_url=/api/v1/addRelationship 
 headers={'User-Agent': 'python-requests/2.31.0', 'Accept-Encoding': 'gzip, deflate', 'Accept': '*/*', 'Connection': 'keep-alive', 'Content-Type': 'application/json', 'Content-Length': '46'} 
 body=b'{"movieId": "nm48123", "actorId": "nm7001850"}' 
 </msg>
<msg timestamp="20230813 22:36:36.082" level="INFO">PUT Response : url=http://localhost:8080/api/v1/addRelationship 
 status=400, reason=Bad Request 
 headers={'Date': 'Mon, 14 Aug 2023 05:36:36 GMT', 'Content-length': '11'} 
 body=BAD REQUEST 
 </msg>
<msg timestamp="20230813 22:36:36.082" level="INFO">${resp} = &lt;Response [400]&gt;</msg>
<status status="PASS" starttime="20230813 22:36:33.760" endtime="20230813 22:36:36.082"/>
</kw>
<timeout value="30 seconds"/>
<status status="PASS" starttime="20230813 22:36:31.416" endtime="20230813 22:36:36.082"/>
</test>
<test id="s1-t10" name="getActorPass" line="75">
<kw name="Create Session" library="RequestsLibrary" type="SETUP">
<arg>localhost</arg>
<arg>http://localhost:8080</arg>
<doc>Create Session: create a HTTP session to a server</doc>
<msg timestamp="20230813 22:36:36.084" level="INFO">Creating Session using : alias=localhost, url=http://localhost:8080, headers={},                     cookies={}, auth=None, timeout=None, proxies=None, verify=False,                     debug=0 </msg>
<status status="PASS" starttime="20230813 22:36:36.084" endtime="20230813 22:36:36.084"/>
</kw>
<kw name="Create Dictionary" library="BuiltIn">
<var>${headers}</var>
<arg>Content-Type=application/json</arg>
<doc>Creates and returns a dictionary based on the given ``items``.</doc>
<msg timestamp="20230813 22:36:36.085" level="INFO">${headers} = {'Content-Type': 'application/json'}</msg>
<status status="PASS" starttime="20230813 22:36:36.085" endtime="20230813 22:36:36.085"/>
</kw>
<kw name="Create Dictionary" library="BuiltIn">
<var>${params1}</var>
<arg>name=Bill</arg>
<arg>actorId=nm1111891</arg>
<doc>Creates and returns a dictionary based on the given ``items``.</doc>
<msg timestamp="20230813 22:36:36.085" level="INFO">${params1} = {'name': 'Bill', 'actorId': 'nm1111891'}</msg>
<status status="PASS" starttime="20230813 22:36:36.085" endtime="20230813 22:36:36.085"/>
</kw>
<kw name="Evaluate" library="BuiltIn">
<var>${paramsExpected}</var>
<arg>{"name": "Bill", "actorId": "nm1111891", "movies": []}</arg>
<doc>Evaluates the given expression in Python and returns the result.</doc>
<msg timestamp="20230813 22:36:36.086" level="INFO">${paramsExpected} = {'name': 'Bill', 'actorId': 'nm1111891', 'movies': []}</msg>
<status status="PASS" starttime="20230813 22:36:36.086" endtime="20230813 22:36:36.086"/>
</kw>
<kw name="PUT On Session" library="RequestsLibrary">
<var>${resp1}</var>
<arg>localhost</arg>
<arg>/api/v1/addActor</arg>
<arg>json=${params1}</arg>
<arg>headers=${headers}</arg>
<arg>expected_status=200</arg>
<doc>Sends a PUT request on a previously created HTTP Session.</doc>
<msg timestamp="20230813 22:36:38.409" level="INFO">PUT Request : url=http://localhost:8080/api/v1/addActor 
 path_url=/api/v1/addActor 
 headers={'User-Agent': 'python-requests/2.31.0', 'Accept-Encoding': 'gzip, deflate', 'Accept': '*/*', 'Connection': 'keep-alive', 'Content-Type': 'application/json', 'Content-Length': '40'} 
 body=b'{"name": "Bill", "actorId": "nm1111891"}' 
 </msg>
<msg timestamp="20230813 22:36:38.409" level="INFO">PUT Response : url=http://localhost:8080/api/v1/addActor 
 status=200, reason=OK 
 headers={'Date': 'Mon, 14 Aug 2023 05:36:38 GMT', 'Content-length': '2'} 
 body=OK 
 </msg>
<msg timestamp="20230813 22:36:38.409" level="INFO">${resp1} = &lt;Response [200]&gt;</msg>
<status status="PASS" starttime="20230813 22:36:36.087" endtime="20230813 22:36:38.410"/>
</kw>
<kw name="Set Variable" library="BuiltIn">
<var>${url}</var>
<arg>/api/v1/getActor?actorId=nm1111891</arg>
<doc>Returns the given values which can then be assigned to a variables.</doc>
<msg timestamp="20230813 22:36:38.412" level="INFO">${url} = /api/v1/getActor?actorId=nm1111891</msg>
<status status="PASS" starttime="20230813 22:36:38.411" endtime="20230813 22:36:38.413"/>
</kw>
<kw name="GET On Session" library="RequestsLibrary">
<var>${resp2}</var>
<arg>localhost</arg>
<arg>url=${url}</arg>
<arg>headers=${headers}</arg>
<arg>expected_status=200</arg>
<doc>Sends a GET request on a previously created HTTP Session.</doc>
<msg timestamp="20230813 22:36:40.735" level="INFO">GET Request : url=http://localhost:8080/api/v1/getActor?actorId=nm1111891 
 path_url=/api/v1/getActor?actorId=nm1111891 
 headers={'User-Agent': 'python-requests/2.31.0', 'Accept-Encoding': 'gzip, deflate', 'Accept': '*/*', 'Connection': 'keep-alive', 'Content-Type': 'application/json'} 
 body=None 
 </msg>
<msg timestamp="20230813 22:36:40.736" level="INFO">GET Response : url=http://localhost:8080/api/v1/getActor?actorId=nm1111891 
 status=200, reason=OK 
 headers={'Date': 'Mon, 14 Aug 2023 05:36:40 GMT', 'Content-length': '49'} 
 body={"movies":[],"actorId":"nm1111891","name":"Bill"} 
 </msg>
<msg timestamp="20230813 22:36:40.737" level="INFO">${resp2} = &lt;Response [200]&gt;</msg>
<status status="PASS" starttime="20230813 22:36:38.413" endtime="20230813 22:36:40.737"/>
</kw>
<kw name="Evaluate" library="BuiltIn">
<var>${resp2_dict}</var>
<arg>json.loads('''${resp2.text}''')</arg>
<doc>Evaluates the given expression in Python and returns the result.</doc>
<msg timestamp="20230813 22:36:40.742" level="INFO">${resp2_dict} = {'movies': [], 'actorId': 'nm1111891', 'name': 'Bill'}</msg>
<status status="PASS" starttime="20230813 22:36:40.738" endtime="20230813 22:36:40.742"/>
</kw>
<kw name="Should Be Equal" library="BuiltIn">
<arg>${paramsExpected}</arg>
<arg>${resp2_dict}</arg>
<doc>Fails if the given objects are unequal.</doc>
<status status="PASS" starttime="20230813 22:36:40.743" endtime="20230813 22:36:40.745"/>
</kw>
<timeout value="30 seconds"/>
<status status="PASS" starttime="20230813 22:36:36.083" endtime="20230813 22:36:40.746"/>
</test>
<test id="s1-t11" name="getActorFail" line="90">
<kw name="Create Session" library="RequestsLibrary" type="SETUP">
<arg>localhost</arg>
<arg>http://localhost:8080</arg>
<doc>Create Session: create a HTTP session to a server</doc>
<msg timestamp="20230813 22:36:40.751" level="INFO">Creating Session using : alias=localhost, url=http://localhost:8080, headers={},                     cookies={}, auth=None, timeout=None, proxies=None, verify=False,                     debug=0 </msg>
<status status="PASS" starttime="20230813 22:36:40.750" endtime="20230813 22:36:40.753"/>
</kw>
<kw name="Create Dictionary" library="BuiltIn">
<var>${headers}</var>
<arg>Content-Type=application/json</arg>
<doc>Creates and returns a dictionary based on the given ``items``.</doc>
<msg timestamp="20230813 22:36:40.754" level="INFO">${headers} = {'Content-Type': 'application/json'}</msg>
<status status="PASS" starttime="20230813 22:36:40.754" endtime="20230813 22:36:40.754"/>
</kw>
<kw name="Set Variable" library="BuiltIn">
<var>${url}</var>
<arg>/api/v1/getActor?actorId=naa3344555m11118123gb91</arg>
<doc>Returns the given values which can then be assigned to a variables.</doc>
<msg timestamp="20230813 22:36:40.757" level="INFO">${url} = /api/v1/getActor?actorId=naa3344555m11118123gb91</msg>
<status status="PASS" starttime="20230813 22:36:40.755" endtime="20230813 22:36:40.757"/>
</kw>
<kw name="GET On Session" library="RequestsLibrary">
<var>${resp2}</var>
<arg>localhost</arg>
<arg>url=${url}</arg>
<arg>headers=${headers}</arg>
<arg>expected_status=404</arg>
<doc>Sends a GET request on a previously created HTTP Session.</doc>
<msg timestamp="20230813 22:36:43.078" level="INFO">GET Request : url=http://localhost:8080/api/v1/getActor?actorId=naa3344555m11118123gb91 
 path_url=/api/v1/getActor?actorId=naa3344555m11118123gb91 
 headers={'User-Agent': 'python-requests/2.31.0', 'Accept-Encoding': 'gzip, deflate', 'Accept': '*/*', 'Connection': 'keep-alive', 'Content-Type': 'application/json'} 
 body=None 
 </msg>
<msg timestamp="20230813 22:36:43.079" level="INFO">GET Response : url=http://localhost:8080/api/v1/getActor?actorId=naa3344555m11118123gb91 
 status=404, reason=Not Found 
 headers={'Date': 'Mon, 14 Aug 2023 05:36:43 GMT', 'Content-length': '9'} 
 body=NOT FOUND 
 </msg>
<msg timestamp="20230813 22:36:43.079" level="INFO">${resp2} = &lt;Response [404]&gt;</msg>
<status status="PASS" starttime="20230813 22:36:40.758" endtime="20230813 22:36:43.079"/>
</kw>
<timeout value="30 seconds"/>
<status status="PASS" starttime="20230813 22:36:40.749" endtime="20230813 22:36:43.081"/>
</test>
<test id="s1-t12" name="getActorFail2" line="95">
<kw name="Create Session" library="RequestsLibrary" type="SETUP">
<arg>localhost</arg>
<arg>http://localhost:8080</arg>
<doc>Create Session: create a HTTP session to a server</doc>
<msg timestamp="20230813 22:36:43.085" level="INFO">Creating Session using : alias=localhost, url=http://localhost:8080, headers={},                     cookies={}, auth=None, timeout=None, proxies=None, verify=False,                     debug=0 </msg>
<status status="PASS" starttime="20230813 22:36:43.084" endtime="20230813 22:36:43.086"/>
</kw>
<kw name="Create Dictionary" library="BuiltIn">
<var>${headers}</var>
<arg>Content-Type=application/json</arg>
<doc>Creates and returns a dictionary based on the given ``items``.</doc>
<msg timestamp="20230813 22:36:43.088" level="INFO">${headers} = {'Content-Type': 'application/json'}</msg>
<status status="PASS" starttime="20230813 22:36:43.087" endtime="20230813 22:36:43.088"/>
</kw>
<kw name="Set Variable" library="BuiltIn">
<var>${url}</var>
<arg>/api/v1/getActor?movieId=nAm111111111111111111111111891</arg>
<doc>Returns the given values which can then be assigned to a variables.</doc>
<msg timestamp="20230813 22:36:43.090" level="INFO">${url} = /api/v1/getActor?movieId=nAm111111111111111111111111891</msg>
<status status="PASS" starttime="20230813 22:36:43.089" endtime="20230813 22:36:43.090"/>
</kw>
<kw name="GET On Session" library="RequestsLibrary">
<var>${resp2}</var>
<arg>localhost</arg>
<arg>url=${url}</arg>
<arg>headers=${headers}</arg>
<arg>expected_status=400</arg>
<doc>Sends a GET request on a previously created HTTP Session.</doc>
<msg timestamp="20230813 22:36:45.309" level="INFO">GET Request : url=http://localhost:8080/api/v1/getActor?movieId=nAm111111111111111111111111891 
 path_url=/api/v1/getActor?movieId=nAm111111111111111111111111891 
 headers={'User-Agent': 'python-requests/2.31.0', 'Accept-Encoding': 'gzip, deflate', 'Accept': '*/*', 'Connection': 'keep-alive', 'Content-Type': 'application/json'} 
 body=None 
 </msg>
<msg timestamp="20230813 22:36:45.310" level="INFO">GET Response : url=http://localhost:8080/api/v1/getActor?movieId=nAm111111111111111111111111891 
 status=400, reason=Bad Request 
 headers={'Date': 'Mon, 14 Aug 2023 05:36:45 GMT', 'Content-length': '11'} 
 body=BAD REQUEST 
 </msg>
<msg timestamp="20230813 22:36:45.310" level="INFO">${resp2} = &lt;Response [400]&gt;</msg>
<status status="PASS" starttime="20230813 22:36:43.091" endtime="20230813 22:36:45.310"/>
</kw>
<timeout value="30 seconds"/>
<status status="PASS" starttime="20230813 22:36:43.083" endtime="20230813 22:36:45.311"/>
</test>
<test id="s1-t13" name="getMoviePass" line="102">
<kw name="Create Session" library="RequestsLibrary" type="SETUP">
<arg>localhost</arg>
<arg>http://localhost:8080</arg>
<doc>Create Session: create a HTTP session to a server</doc>
<msg timestamp="20230813 22:36:45.312" level="INFO">Creating Session using : alias=localhost, url=http://localhost:8080, headers={},                     cookies={}, auth=None, timeout=None, proxies=None, verify=False,                     debug=0 </msg>
<status status="PASS" starttime="20230813 22:36:45.312" endtime="20230813 22:36:45.312"/>
</kw>
<kw name="Create Dictionary" library="BuiltIn">
<var>${headers}</var>
<arg>Content-Type=application/json</arg>
<doc>Creates and returns a dictionary based on the given ``items``.</doc>
<msg timestamp="20230813 22:36:45.312" level="INFO">${headers} = {'Content-Type': 'application/json'}</msg>
<status status="PASS" starttime="20230813 22:36:45.312" endtime="20230813 22:36:45.313"/>
</kw>
<kw name="Create Dictionary" library="BuiltIn">
<var>${params1}</var>
<arg>name=Spider-Man</arg>
<arg>movieId=nm01345</arg>
<doc>Creates and returns a dictionary based on the given ``items``.</doc>
<msg timestamp="20230813 22:36:45.313" level="INFO">${params1} = {'name': 'Spider-Man', 'movieId': 'nm01345'}</msg>
<status status="PASS" starttime="20230813 22:36:45.313" endtime="20230813 22:36:45.313"/>
</kw>
<kw name="Evaluate" library="BuiltIn">
<var>${paramsExpected}</var>
<arg>{"name": "Spider-Man", "movieId": "nm01345", "actors": []}</arg>
<doc>Evaluates the given expression in Python and returns the result.</doc>
<msg timestamp="20230813 22:36:45.313" level="INFO">${paramsExpected} = {'name': 'Spider-Man', 'movieId': 'nm01345', 'actors': []}</msg>
<status status="PASS" starttime="20230813 22:36:45.313" endtime="20230813 22:36:45.313"/>
</kw>
<kw name="PUT On Session" library="RequestsLibrary">
<var>${resp1}</var>
<arg>localhost</arg>
<arg>/api/v1/addMovie</arg>
<arg>json=${params1}</arg>
<arg>headers=${headers}</arg>
<arg>expected_status=200</arg>
<doc>Sends a PUT request on a previously created HTTP Session.</doc>
<msg timestamp="20230813 22:36:47.635" level="INFO">PUT Request : url=http://localhost:8080/api/v1/addMovie 
 path_url=/api/v1/addMovie 
 headers={'User-Agent': 'python-requests/2.31.0', 'Accept-Encoding': 'gzip, deflate', 'Accept': '*/*', 'Connection': 'keep-alive', 'Content-Type': 'application/json', 'Content-Length': '44'} 
 body=b'{"name": "Spider-Man", "movieId": "nm01345"}' 
 </msg>
<msg timestamp="20230813 22:36:47.636" level="INFO">PUT Response : url=http://localhost:8080/api/v1/addMovie 
 status=200, reason=OK 
 headers={'Date': 'Mon, 14 Aug 2023 05:36:47 GMT', 'Content-length': '2'} 
 body=OK 
 </msg>
<msg timestamp="20230813 22:36:47.636" level="INFO">${resp1} = &lt;Response [200]&gt;</msg>
<status status="PASS" starttime="20230813 22:36:45.313" endtime="20230813 22:36:47.636"/>
</kw>
<kw name="Set Variable" library="BuiltIn">
<var>${url}</var>
<arg>/api/v1/getMovie?movieId=nm01345</arg>
<doc>Returns the given values which can then be assigned to a variables.</doc>
<msg timestamp="20230813 22:36:47.640" level="INFO">${url} = /api/v1/getMovie?movieId=nm01345</msg>
<status status="PASS" starttime="20230813 22:36:47.638" endtime="20230813 22:36:47.640"/>
</kw>
<kw name="GET On Session" library="RequestsLibrary">
<var>${resp2}</var>
<arg>localhost</arg>
<arg>url=${url}</arg>
<arg>headers=${headers}</arg>
<arg>expected_status=200</arg>
<doc>Sends a GET request on a previously created HTTP Session.</doc>
<msg timestamp="20230813 22:36:49.972" level="INFO">GET Request : url=http://localhost:8080/api/v1/getMovie?movieId=nm01345 
 path_url=/api/v1/getMovie?movieId=nm01345 
 headers={'User-Agent': 'python-requests/2.31.0', 'Accept-Encoding': 'gzip, deflate', 'Accept': '*/*', 'Connection': 'keep-alive', 'Content-Type': 'application/json'} 
 body=None 
 </msg>
<msg timestamp="20230813 22:36:49.973" level="INFO">GET Response : url=http://localhost:8080/api/v1/getMovie?movieId=nm01345 
 status=200, reason=OK 
 headers={'Date': 'Mon, 14 Aug 2023 05:36:49 GMT', 'Content-length': '53'} 
 body={"actors":[],"name":"Spider-Man","movieId":"nm01345"} 
 </msg>
<msg timestamp="20230813 22:36:49.974" level="INFO">${resp2} = &lt;Response [200]&gt;</msg>
<status status="PASS" starttime="20230813 22:36:47.641" endtime="20230813 22:36:49.974"/>
</kw>
<kw name="Evaluate" library="BuiltIn">
<var>${resp2_dict}</var>
<arg>json.loads('''${resp2.text}''')</arg>
<doc>Evaluates the given expression in Python and returns the result.</doc>
<msg timestamp="20230813 22:36:49.979" level="INFO">${resp2_dict} = {'actors': [], 'name': 'Spider-Man', 'movieId': 'nm01345'}</msg>
<status status="PASS" starttime="20230813 22:36:49.975" endtime="20230813 22:36:49.979"/>
</kw>
<kw name="Should Be Equal" library="BuiltIn">
<arg>${paramsExpected}</arg>
<arg>${resp2_dict}</arg>
<doc>Fails if the given objects are unequal.</doc>
<status status="PASS" starttime="20230813 22:36:49.980" endtime="20230813 22:36:49.981"/>
</kw>
<timeout value="30 seconds"/>
<status status="PASS" starttime="20230813 22:36:45.312" endtime="20230813 22:36:49.983"/>
</test>
<test id="s1-t14" name="getMovieFail" line="117">
<kw name="Create Session" library="RequestsLibrary" type="SETUP">
<arg>localhost</arg>
<arg>http://localhost:8080</arg>
<doc>Create Session: create a HTTP session to a server</doc>
<msg timestamp="20230813 22:36:49.988" level="INFO">Creating Session using : alias=localhost, url=http://localhost:8080, headers={},                     cookies={}, auth=None, timeout=None, proxies=None, verify=False,                     debug=0 </msg>
<status status="PASS" starttime="20230813 22:36:49.987" endtime="20230813 22:36:49.988"/>
</kw>
<kw name="Create Dictionary" library="BuiltIn">
<var>${headers}</var>
<arg>Content-Type=application/json</arg>
<doc>Creates and returns a dictionary based on the given ``items``.</doc>
<msg timestamp="20230813 22:36:49.990" level="INFO">${headers} = {'Content-Type': 'application/json'}</msg>
<status status="PASS" starttime="20230813 22:36:49.989" endtime="20230813 22:36:49.990"/>
</kw>
<kw name="Set Variable" library="BuiltIn">
<var>${url}</var>
<arg>/api/v1/getMovie?movieId=nnnnnnnmmmmmmmmmm1111111111111111111</arg>
<doc>Returns the given values which can then be assigned to a variables.</doc>
<msg timestamp="20230813 22:36:49.992" level="INFO">${url} = /api/v1/getMovie?movieId=nnnnnnnmmmmmmmmmm1111111111111111111</msg>
<status status="PASS" starttime="20230813 22:36:49.991" endtime="20230813 22:36:49.992"/>
</kw>
<kw name="GET On Session" library="RequestsLibrary">
<var>${resp2}</var>
<arg>localhost</arg>
<arg>url=${url}</arg>
<arg>headers=${headers}</arg>
<arg>expected_status=404</arg>
<doc>Sends a GET request on a previously created HTTP Session.</doc>
<msg timestamp="20230813 22:36:52.314" level="INFO">GET Request : url=http://localhost:8080/api/v1/getMovie?movieId=nnnnnnnmmmmmmmmmm1111111111111111111 
 path_url=/api/v1/getMovie?movieId=nnnnnnnmmmmmmmmmm1111111111111111111 
 headers={'User-Agent': 'python-requests/2.31.0', 'Accept-Encoding': 'gzip, deflate', 'Accept': '*/*', 'Connection': 'keep-alive', 'Content-Type': 'application/json'} 
 body=None 
 </msg>
<msg timestamp="20230813 22:36:52.314" level="INFO">GET Response : url=http://localhost:8080/api/v1/getMovie?movieId=nnnnnnnmmmmmmmmmm1111111111111111111 
 status=404, reason=Not Found 
 headers={'Date': 'Mon, 14 Aug 2023 05:36:52 GMT', 'Content-length': '9'} 
 body=NOT FOUND 
 </msg>
<msg timestamp="20230813 22:36:52.315" level="INFO">${resp2} = &lt;Response [404]&gt;</msg>
<status status="PASS" starttime="20230813 22:36:49.994" endtime="20230813 22:36:52.315"/>
</kw>
<timeout value="30 seconds"/>
<status status="PASS" starttime="20230813 22:36:49.986" endtime="20230813 22:36:52.316"/>
</test>
<test id="s1-t15" name="getMovieFail2" line="122">
<kw name="Create Session" library="RequestsLibrary" type="SETUP">
<arg>localhost</arg>
<arg>http://localhost:8080</arg>
<doc>Create Session: create a HTTP session to a server</doc>
<msg timestamp="20230813 22:36:52.321" level="INFO">Creating Session using : alias=localhost, url=http://localhost:8080, headers={},                     cookies={}, auth=None, timeout=None, proxies=None, verify=False,                     debug=0 </msg>
<status status="PASS" starttime="20230813 22:36:52.320" endtime="20230813 22:36:52.322"/>
</kw>
<kw name="Create Dictionary" library="BuiltIn">
<var>${headers}</var>
<arg>Content-Type=application/json</arg>
<doc>Creates and returns a dictionary based on the given ``items``.</doc>
<msg timestamp="20230813 22:36:52.324" level="INFO">${headers} = {'Content-Type': 'application/json'}</msg>
<status status="PASS" starttime="20230813 22:36:52.323" endtime="20230813 22:36:52.324"/>
</kw>
<kw name="Set Variable" library="BuiltIn">
<var>${url}</var>
<arg>/api/v1/getMovie?moaeertjdkjhuiiuiuhId=nAm111111111111111111111111891</arg>
<doc>Returns the given values which can then be assigned to a variables.</doc>
<msg timestamp="20230813 22:36:52.326" level="INFO">${url} = /api/v1/getMovie?moaeertjdkjhuiiuiuhId=nAm111111111111111111111111891</msg>
<status status="PASS" starttime="20230813 22:36:52.324" endtime="20230813 22:36:52.326"/>
</kw>
<kw name="GET On Session" library="RequestsLibrary">
<var>${resp2}</var>
<arg>localhost</arg>
<arg>url=${url}</arg>
<arg>headers=${headers}</arg>
<arg>expected_status=400</arg>
<doc>Sends a GET request on a previously created HTTP Session.</doc>
<msg timestamp="20230813 22:36:54.643" level="INFO">GET Request : url=http://localhost:8080/api/v1/getMovie?moaeertjdkjhuiiuiuhId=nAm111111111111111111111111891 
 path_url=/api/v1/getMovie?moaeertjdkjhuiiuiuhId=nAm111111111111111111111111891 
 headers={'User-Agent': 'python-requests/2.31.0', 'Accept-Encoding': 'gzip, deflate', 'Accept': '*/*', 'Connection': 'keep-alive', 'Content-Type': 'application/json'} 
 body=None 
 </msg>
<msg timestamp="20230813 22:36:54.644" level="INFO">GET Response : url=http://localhost:8080/api/v1/getMovie?moaeertjdkjhuiiuiuhId=nAm111111111111111111111111891 
 status=400, reason=Bad Request 
 headers={'Date': 'Mon, 14 Aug 2023 05:36:54 GMT', 'Content-length': '11'} 
 body=BAD REQUEST 
 </msg>
<msg timestamp="20230813 22:36:54.644" level="INFO">${resp2} = &lt;Response [400]&gt;</msg>
<status status="PASS" starttime="20230813 22:36:52.327" endtime="20230813 22:36:54.644"/>
</kw>
<timeout value="30 seconds"/>
<status status="PASS" starttime="20230813 22:36:52.319" endtime="20230813 22:36:54.646"/>
</test>
<test id="s1-t16" name="hasRelationshipPass" line="129">
<kw name="Create Session" library="RequestsLibrary" type="SETUP">
<arg>localhost</arg>
<arg>http://localhost:8080</arg>
<doc>Create Session: create a HTTP session to a server</doc>
<msg timestamp="20230813 22:36:54.650" level="INFO">Creating Session using : alias=localhost, url=http://localhost:8080, headers={},                     cookies={}, auth=None, timeout=None, proxies=None, verify=False,                     debug=0 </msg>
<status status="PASS" starttime="20230813 22:36:54.649" endtime="20230813 22:36:54.654"/>
</kw>
<kw name="Create Dictionary" library="BuiltIn">
<var>${headers}</var>
<arg>Content-Type=application/json</arg>
<doc>Creates and returns a dictionary based on the given ``items``.</doc>
<msg timestamp="20230813 22:36:54.657" level="INFO">${headers} = {'Content-Type': 'application/json'}</msg>
<status status="PASS" starttime="20230813 22:36:54.656" endtime="20230813 22:36:54.657"/>
</kw>
<kw name="Create Dictionary" library="BuiltIn">
<var>${params1}</var>
<arg>name=Men</arg>
<arg>movieId=nm0123456</arg>
<doc>Creates and returns a dictionary based on the given ``items``.</doc>
<msg timestamp="20230813 22:36:54.658" level="INFO">${params1} = {'name': 'Men', 'movieId': 'nm0123456'}</msg>
<status status="PASS" starttime="20230813 22:36:54.658" endtime="20230813 22:36:54.659"/>
</kw>
<kw name="Create Dictionary" library="BuiltIn">
<var>${params2}</var>
<arg>name=Man</arg>
<arg>actorId=nm654321</arg>
<doc>Creates and returns a dictionary based on the given ``items``.</doc>
<msg timestamp="20230813 22:36:54.660" level="INFO">${params2} = {'name': 'Man', 'actorId': 'nm654321'}</msg>
<status status="PASS" starttime="20230813 22:36:54.659" endtime="20230813 22:36:54.660"/>
</kw>
<kw name="Create Dictionary" library="BuiltIn">
<var>${params3}</var>
<arg>movieId=nm0123456</arg>
<arg>actorId=nm654321</arg>
<doc>Creates and returns a dictionary based on the given ``items``.</doc>
<msg timestamp="20230813 22:36:54.661" level="INFO">${params3} = {'movieId': 'nm0123456', 'actorId': 'nm654321'}</msg>
<status status="PASS" starttime="20230813 22:36:54.661" endtime="20230813 22:36:54.661"/>
</kw>
<kw name="Evaluate" library="BuiltIn">
<var>${paramsExpectedT}</var>
<arg>{"movieId": "nm0123456", "actorId": "nm654321", "hasRelationship": ${True}}</arg>
<doc>Evaluates the given expression in Python and returns the result.</doc>
<msg timestamp="20230813 22:36:54.662" level="INFO">${paramsExpectedT} = {'movieId': 'nm0123456', 'actorId': 'nm654321', 'hasRelationship': True}</msg>
<status status="PASS" starttime="20230813 22:36:54.661" endtime="20230813 22:36:54.662"/>
</kw>
<kw name="Evaluate" library="BuiltIn">
<var>${paramsExpectedF}</var>
<arg>{"movieId": "nm0123456", "actorId": "nm654321", "hasRelationship": ${False}}</arg>
<doc>Evaluates the given expression in Python and returns the result.</doc>
<msg timestamp="20230813 22:36:54.662" level="INFO">${paramsExpectedF} = {'movieId': 'nm0123456', 'actorId': 'nm654321', 'hasRelationship': False}</msg>
<status status="PASS" starttime="20230813 22:36:54.662" endtime="20230813 22:36:54.662"/>
</kw>
<kw name="PUT On Session" library="RequestsLibrary">
<var>${resp1}</var>
<arg>localhost</arg>
<arg>/api/v1/addMovie</arg>
<arg>json=${params1}</arg>
<arg>headers=${headers}</arg>
<arg>expected_status=200</arg>
<doc>Sends a PUT request on a previously created HTTP Session.</doc>
<msg timestamp="20230813 22:36:56.981" level="INFO">PUT Request : url=http://localhost:8080/api/v1/addMovie 
 path_url=/api/v1/addMovie 
 headers={'User-Agent': 'python-requests/2.31.0', 'Accept-Encoding': 'gzip, deflate', 'Accept': '*/*', 'Connection': 'keep-alive', 'Content-Type': 'application/json', 'Content-Length': '39'} 
 body=b'{"name": "Men", "movieId": "nm0123456"}' 
 </msg>
<msg timestamp="20230813 22:36:56.981" level="INFO">PUT Response : url=http://localhost:8080/api/v1/addMovie 
 status=200, reason=OK 
 headers={'Date': 'Mon, 14 Aug 2023 05:36:56 GMT', 'Content-length': '2'} 
 body=OK 
 </msg>
<msg timestamp="20230813 22:36:56.981" level="INFO">${resp1} = &lt;Response [200]&gt;</msg>
<status status="PASS" starttime="20230813 22:36:54.662" endtime="20230813 22:36:56.982"/>
</kw>
<kw name="PUT On Session" library="RequestsLibrary">
<var>${resp2}</var>
<arg>localhost</arg>
<arg>/api/v1/addActor</arg>
<arg>json=${params2}</arg>
<arg>headers=${headers}</arg>
<arg>expected_status=200</arg>
<doc>Sends a PUT request on a previously created HTTP Session.</doc>
<msg timestamp="20230813 22:36:59.301" level="INFO">PUT Request : url=http://localhost:8080/api/v1/addActor 
 path_url=/api/v1/addActor 
 headers={'User-Agent': 'python-requests/2.31.0', 'Accept-Encoding': 'gzip, deflate', 'Accept': '*/*', 'Connection': 'keep-alive', 'Content-Type': 'application/json', 'Content-Length': '38'} 
 body=b'{"name": "Man", "actorId": "nm654321"}' 
 </msg>
<msg timestamp="20230813 22:36:59.301" level="INFO">PUT Response : url=http://localhost:8080/api/v1/addActor 
 status=200, reason=OK 
 headers={'Date': 'Mon, 14 Aug 2023 05:36:59 GMT', 'Content-length': '2'} 
 body=OK 
 </msg>
<msg timestamp="20230813 22:36:59.301" level="INFO">${resp2} = &lt;Response [200]&gt;</msg>
<status status="PASS" starttime="20230813 22:36:56.982" endtime="20230813 22:36:59.301"/>
</kw>
<kw name="Set Variable" library="BuiltIn">
<var>${url}</var>
<arg>/api/v1/hasRelationship?movieId=nm0123456&amp;actorId=nm654321</arg>
<doc>Returns the given values which can then be assigned to a variables.</doc>
<msg timestamp="20230813 22:36:59.302" level="INFO">${url} = /api/v1/hasRelationship?movieId=nm0123456&amp;actorId=nm654321</msg>
<status status="PASS" starttime="20230813 22:36:59.302" endtime="20230813 22:36:59.302"/>
</kw>
<kw name="GET On Session" library="RequestsLibrary">
<var>${resp4}</var>
<arg>localhost</arg>
<arg>url=${url}</arg>
<arg>headers=${headers}</arg>
<arg>expected_status=200</arg>
<doc>Sends a GET request on a previously created HTTP Session.</doc>
<msg timestamp="20230813 22:37:01.618" level="INFO">GET Request : url=http://localhost:8080/api/v1/hasRelationship?movieId=nm0123456&amp;actorId=nm654321 
 path_url=/api/v1/hasRelationship?movieId=nm0123456&amp;actorId=nm654321 
 headers={'User-Agent': 'python-requests/2.31.0', 'Accept-Encoding': 'gzip, deflate', 'Accept': '*/*', 'Connection': 'keep-alive', 'Content-Type': 'application/json'} 
 body=None 
 </msg>
<msg timestamp="20230813 22:37:01.618" level="INFO">GET Response : url=http://localhost:8080/api/v1/hasRelationship?movieId=nm0123456&amp;actorId=nm654321 
 status=200, reason=OK 
 headers={'Date': 'Mon, 14 Aug 2023 05:37:01 GMT', 'Content-length': '68'} 
 body={"actorId":"nm654321","movieId":"nm0123456","hasRelationship":false} 
 </msg>
<msg timestamp="20230813 22:37:01.618" level="INFO">${resp4} = &lt;Response [200]&gt;</msg>
<status status="PASS" starttime="20230813 22:36:59.303" endtime="20230813 22:37:01.618"/>
</kw>
<kw name="Evaluate" library="BuiltIn">
<var>${resp4_dict}</var>
<arg>json.loads('''${resp4.text}''')</arg>
<doc>Evaluates the given expression in Python and returns the result.</doc>
<msg timestamp="20230813 22:37:01.619" level="INFO">${resp4_dict} = {'actorId': 'nm654321', 'movieId': 'nm0123456', 'hasRelationship': False}</msg>
<status status="PASS" starttime="20230813 22:37:01.619" endtime="20230813 22:37:01.620"/>
</kw>
<kw name="Should Be Equal" library="BuiltIn">
<arg>${paramsExpectedF}</arg>
<arg>${resp4_dict}</arg>
<doc>Fails if the given objects are unequal.</doc>
<status status="PASS" starttime="20230813 22:37:01.620" endtime="20230813 22:37:01.620"/>
</kw>
<kw name="PUT On Session" library="RequestsLibrary">
<var>${resp3}</var>
<arg>localhost</arg>
<arg>/api/v1/addRelationship</arg>
<arg>json=${params3}</arg>
<arg>headers=${headers}</arg>
<arg>expected_status=200</arg>
<doc>Sends a PUT request on a previously created HTTP Session.</doc>
<msg timestamp="20230813 22:37:03.941" level="INFO">PUT Request : url=http://localhost:8080/api/v1/addRelationship 
 path_url=/api/v1/addRelationship 
 headers={'User-Agent': 'python-requests/2.31.0', 'Accept-Encoding': 'gzip, deflate', 'Accept': '*/*', 'Connection': 'keep-alive', 'Content-Type': 'application/json', 'Content-Length': '47'} 
 body=b'{"movieId": "nm0123456", "actorId": "nm654321"}' 
 </msg>
<msg timestamp="20230813 22:37:03.942" level="INFO">PUT Response : url=http://localhost:8080/api/v1/addRelationship 
 status=200, reason=OK 
 headers={'Date': 'Mon, 14 Aug 2023 05:37:03 GMT', 'Content-length': '2'} 
 body=OK 
 </msg>
<msg timestamp="20230813 22:37:03.943" level="INFO">${resp3} = &lt;Response [200]&gt;</msg>
<status status="PASS" starttime="20230813 22:37:01.620" endtime="20230813 22:37:03.943"/>
</kw>
<kw name="GET On Session" library="RequestsLibrary">
<var>${resp5}</var>
<arg>localhost</arg>
<arg>url=${url}</arg>
<arg>headers=${headers}</arg>
<arg>expected_status=200</arg>
<doc>Sends a GET request on a previously created HTTP Session.</doc>
<msg timestamp="20230813 22:37:06.267" level="INFO">GET Request : url=http://localhost:8080/api/v1/hasRelationship?movieId=nm0123456&amp;actorId=nm654321 
 path_url=/api/v1/hasRelationship?movieId=nm0123456&amp;actorId=nm654321 
 headers={'User-Agent': 'python-requests/2.31.0', 'Accept-Encoding': 'gzip, deflate', 'Accept': '*/*', 'Connection': 'keep-alive', 'Content-Type': 'application/json'} 
 body=None 
 </msg>
<msg timestamp="20230813 22:37:06.267" level="INFO">GET Response : url=http://localhost:8080/api/v1/hasRelationship?movieId=nm0123456&amp;actorId=nm654321 
 status=200, reason=OK 
 headers={'Date': 'Mon, 14 Aug 2023 05:37:06 GMT', 'Content-length': '67'} 
 body={"actorId":"nm654321","movieId":"nm0123456","hasRelationship":true} 
 </msg>
<msg timestamp="20230813 22:37:06.267" level="INFO">${resp5} = &lt;Response [200]&gt;</msg>
<status status="PASS" starttime="20230813 22:37:03.944" endtime="20230813 22:37:06.267"/>
</kw>
<kw name="Evaluate" library="BuiltIn">
<var>${resp5_dict}</var>
<arg>json.loads('''${resp5.text}''')</arg>
<doc>Evaluates the given expression in Python and returns the result.</doc>
<msg timestamp="20230813 22:37:06.269" level="INFO">${resp5_dict} = {'actorId': 'nm654321', 'movieId': 'nm0123456', 'hasRelationship': True}</msg>
<status status="PASS" starttime="20230813 22:37:06.268" endtime="20230813 22:37:06.269"/>
</kw>
<kw name="Should Be Equal" library="BuiltIn">
<arg>${paramsExpectedT}</arg>
<arg>${resp5_dict}</arg>
<doc>Fails if the given objects are unequal.</doc>
<status status="PASS" starttime="20230813 22:37:06.270" endtime="20230813 22:37:06.271"/>
</kw>
<timeout value="30 seconds"/>
<status status="PASS" starttime="20230813 22:36:54.648" endtime="20230813 22:37:06.271"/>
</test>
<test id="s1-t17" name="hasRelationshipFail" line="159">
<kw name="Create Session" library="RequestsLibrary" type="SETUP">
<arg>localhost</arg>
<arg>http://localhost:8080</arg>
<doc>Create Session: create a HTTP session to a server</doc>
<msg timestamp="20230813 22:37:06.273" level="INFO">Creating Session using : alias=localhost, url=http://localhost:8080, headers={},                     cookies={}, auth=None, timeout=None, proxies=None, verify=False,                     debug=0 </msg>
<status status="PASS" starttime="20230813 22:37:06.273" endtime="20230813 22:37:06.273"/>
</kw>
<kw name="Create Dictionary" library="BuiltIn">
<var>${headers}</var>
<arg>Content-Type=application/json</arg>
<doc>Creates and returns a dictionary based on the given ``items``.</doc>
<msg timestamp="20230813 22:37:06.274" level="INFO">${headers} = {'Content-Type': 'application/json'}</msg>
<status status="PASS" starttime="20230813 22:37:06.274" endtime="20230813 22:37:06.274"/>
</kw>
<kw name="Set Variable" library="BuiltIn">
<var>${url}</var>
<arg>/api/v1/hasRelationship?moaeertjdkjhuiiuiuhId=nAm111111111111111111111111891</arg>
<doc>Returns the given values which can then be assigned to a variables.</doc>
<msg timestamp="20230813 22:37:06.275" level="INFO">${url} = /api/v1/hasRelationship?moaeertjdkjhuiiuiuhId=nAm111111111111111111111111891</msg>
<status status="PASS" starttime="20230813 22:37:06.275" endtime="20230813 22:37:06.275"/>
</kw>
<kw name="GET On Session" library="RequestsLibrary">
<var>${resp1}</var>
<arg>localhost</arg>
<arg>url=${url}</arg>
<arg>headers=${headers}</arg>
<arg>expected_status=400</arg>
<doc>Sends a GET request on a previously created HTTP Session.</doc>
<msg timestamp="20230813 22:37:08.590" level="INFO">GET Request : url=http://localhost:8080/api/v1/hasRelationship?moaeertjdkjhuiiuiuhId=nAm111111111111111111111111891 
 path_url=/api/v1/hasRelationship?moaeertjdkjhuiiuiuhId=nAm111111111111111111111111891 
 headers={'User-Agent': 'python-requests/2.31.0', 'Accept-Encoding': 'gzip, deflate', 'Accept': '*/*', 'Connection': 'keep-alive', 'Content-Type': 'application/json'} 
 body=None 
 </msg>
<msg timestamp="20230813 22:37:08.591" level="INFO">GET Response : url=http://localhost:8080/api/v1/hasRelationship?moaeertjdkjhuiiuiuhId=nAm111111111111111111111111891 
 status=400, reason=Bad Request 
 headers={'Date': 'Mon, 14 Aug 2023 05:37:08 GMT', 'Content-length': '11'} 
 body=BAD REQUEST 
 </msg>
<msg timestamp="20230813 22:37:08.591" level="INFO">${resp1} = &lt;Response [400]&gt;</msg>
<status status="PASS" starttime="20230813 22:37:06.276" endtime="20230813 22:37:08.591"/>
</kw>
<timeout value="30 seconds"/>
<status status="PASS" starttime="20230813 22:37:06.272" endtime="20230813 22:37:08.593"/>
</test>
<test id="s1-t18" name="buildGraph" line="167">
<kw name="Create Session" library="RequestsLibrary" type="SETUP">
<arg>localhost</arg>
<arg>http://localhost:8080</arg>
<doc>Create Session: create a HTTP session to a server</doc>
<msg timestamp="20230813 22:37:08.598" level="INFO">Creating Session using : alias=localhost, url=http://localhost:8080, headers={},                     cookies={}, auth=None, timeout=None, proxies=None, verify=False,                     debug=0 </msg>
<status status="PASS" starttime="20230813 22:37:08.596" endtime="20230813 22:37:08.598"/>
</kw>
<kw name="Create Dictionary" library="BuiltIn">
<var>${headers}</var>
<arg>Content-Type=application/json</arg>
<doc>Creates and returns a dictionary based on the given ``items``.</doc>
<msg timestamp="20230813 22:37:08.600" level="INFO">${headers} = {'Content-Type': 'application/json'}</msg>
<status status="PASS" starttime="20230813 22:37:08.599" endtime="20230813 22:37:08.600"/>
</kw>
<kw name="Create Dictionary" library="BuiltIn">
<var>${params1}</var>
<arg>name=Keven Bacon</arg>
<arg>actorId=nm0000102</arg>
<doc>Creates and returns a dictionary based on the given ``items``.</doc>
<msg timestamp="20230813 22:37:08.603" level="INFO">${params1} = {'name': 'Keven Bacon', 'actorId': 'nm0000102'}</msg>
<status status="PASS" starttime="20230813 22:37:08.602" endtime="20230813 22:37:08.603"/>
</kw>
<kw name="Create Dictionary" library="BuiltIn">
<var>${params2}</var>
<arg>actorId=nm1111891</arg>
<arg>movieId=nm48123</arg>
<doc>Creates and returns a dictionary based on the given ``items``.</doc>
<msg timestamp="20230813 22:37:08.605" level="INFO">${params2} = {'actorId': 'nm1111891', 'movieId': 'nm48123'}</msg>
<status status="PASS" starttime="20230813 22:37:08.604" endtime="20230813 22:37:08.605"/>
</kw>
<kw name="Create Dictionary" library="BuiltIn">
<var>${params3}</var>
<arg>actorId=nm1111891</arg>
<arg>movieId=nm0123456</arg>
<doc>Creates and returns a dictionary based on the given ``items``.</doc>
<msg timestamp="20230813 22:37:08.606" level="INFO">${params3} = {'actorId': 'nm1111891', 'movieId': 'nm0123456'}</msg>
<status status="PASS" starttime="20230813 22:37:08.606" endtime="20230813 22:37:08.606"/>
</kw>
<kw name="Create Dictionary" library="BuiltIn">
<var>${params4}</var>
<arg>actorId=nm0000102</arg>
<arg>movieId=nm0123456</arg>
<doc>Creates and returns a dictionary based on the given ``items``.</doc>
<msg timestamp="20230813 22:37:08.607" level="INFO">${params4} = {'actorId': 'nm0000102', 'movieId': 'nm0123456'}</msg>
<status status="PASS" starttime="20230813 22:37:08.607" endtime="20230813 22:37:08.607"/>
</kw>
<kw name="Create Dictionary" library="BuiltIn">
<var>${params5}</var>
<arg>name=Kilometer Morales</arg>
<arg>actorId=nm621371</arg>
<doc>Creates and returns a dictionary based on the given ``items``.</doc>
<msg timestamp="20230813 22:37:08.608" level="INFO">${params5} = {'name': 'Kilometer Morales', 'actorId': 'nm621371'}</msg>
<status status="PASS" starttime="20230813 22:37:08.608" endtime="20230813 22:37:08.608"/>
</kw>
<kw name="Create Dictionary" library="BuiltIn">
<var>${params6}</var>
<arg>actorId=nm621371</arg>
<arg>movieId=nm01345</arg>
<doc>Creates and returns a dictionary based on the given ``items``.</doc>
<msg timestamp="20230813 22:37:08.608" level="INFO">${params6} = {'actorId': 'nm621371', 'movieId': 'nm01345'}</msg>
<status status="PASS" starttime="20230813 22:37:08.608" endtime="20230813 22:37:08.608"/>
</kw>
<kw name="PUT On Session" library="RequestsLibrary">
<var>${resp1}</var>
<arg>localhost</arg>
<arg>/api/v1/addActor</arg>
<arg>json=${params1}</arg>
<arg>headers=${headers}</arg>
<arg>expected_status=200</arg>
<doc>Sends a PUT request on a previously created HTTP Session.</doc>
<msg timestamp="20230813 22:37:10.927" level="INFO">PUT Request : url=http://localhost:8080/api/v1/addActor 
 path_url=/api/v1/addActor 
 headers={'User-Agent': 'python-requests/2.31.0', 'Accept-Encoding': 'gzip, deflate', 'Accept': '*/*', 'Connection': 'keep-alive', 'Content-Type': 'application/json', 'Content-Length': '47'} 
 body=b'{"name": "Keven Bacon", "actorId": "nm0000102"}' 
 </msg>
<msg timestamp="20230813 22:37:10.928" level="INFO">PUT Response : url=http://localhost:8080/api/v1/addActor 
 status=200, reason=OK 
 headers={'Date': 'Mon, 14 Aug 2023 05:37:10 GMT', 'Content-length': '2'} 
 body=OK 
 </msg>
<msg timestamp="20230813 22:37:10.928" level="INFO">${resp1} = &lt;Response [200]&gt;</msg>
<status status="PASS" starttime="20230813 22:37:08.608" endtime="20230813 22:37:10.928"/>
</kw>
<kw name="PUT On Session" library="RequestsLibrary">
<var>${resp2}</var>
<arg>localhost</arg>
<arg>/api/v1/addRelationship</arg>
<arg>json=${params2}</arg>
<arg>headers=${headers}</arg>
<arg>expected_status=200</arg>
<doc>Sends a PUT request on a previously created HTTP Session.</doc>
<msg timestamp="20230813 22:37:13.255" level="INFO">PUT Request : url=http://localhost:8080/api/v1/addRelationship 
 path_url=/api/v1/addRelationship 
 headers={'User-Agent': 'python-requests/2.31.0', 'Accept-Encoding': 'gzip, deflate', 'Accept': '*/*', 'Connection': 'keep-alive', 'Content-Type': 'application/json', 'Content-Length': '46'} 
 body=b'{"actorId": "nm1111891", "movieId": "nm48123"}' 
 </msg>
<msg timestamp="20230813 22:37:13.255" level="INFO">PUT Response : url=http://localhost:8080/api/v1/addRelationship 
 status=200, reason=OK 
 headers={'Date': 'Mon, 14 Aug 2023 05:37:13 GMT', 'Content-length': '2'} 
 body=OK 
 </msg>
<msg timestamp="20230813 22:37:13.256" level="INFO">${resp2} = &lt;Response [200]&gt;</msg>
<status status="PASS" starttime="20230813 22:37:10.930" endtime="20230813 22:37:13.256"/>
</kw>
<kw name="PUT On Session" library="RequestsLibrary">
<var>${resp3}</var>
<arg>localhost</arg>
<arg>/api/v1/addRelationship</arg>
<arg>json=${params3}</arg>
<arg>headers=${headers}</arg>
<arg>expected_status=200</arg>
<doc>Sends a PUT request on a previously created HTTP Session.</doc>
<msg timestamp="20230813 22:37:15.588" level="INFO">PUT Request : url=http://localhost:8080/api/v1/addRelationship 
 path_url=/api/v1/addRelationship 
 headers={'User-Agent': 'python-requests/2.31.0', 'Accept-Encoding': 'gzip, deflate', 'Accept': '*/*', 'Connection': 'keep-alive', 'Content-Type': 'application/json', 'Content-Length': '48'} 
 body=b'{"actorId": "nm1111891", "movieId": "nm0123456"}' 
 </msg>
<msg timestamp="20230813 22:37:15.588" level="INFO">PUT Response : url=http://localhost:8080/api/v1/addRelationship 
 status=200, reason=OK 
 headers={'Date': 'Mon, 14 Aug 2023 05:37:15 GMT', 'Content-length': '2'} 
 body=OK 
 </msg>
<msg timestamp="20230813 22:37:15.589" level="INFO">${resp3} = &lt;Response [200]&gt;</msg>
<status status="PASS" starttime="20230813 22:37:13.256" endtime="20230813 22:37:15.589"/>
</kw>
<kw name="PUT On Session" library="RequestsLibrary">
<var>${resp4}</var>
<arg>localhost</arg>
<arg>/api/v1/addRelationship</arg>
<arg>json=${params4}</arg>
<arg>headers=${headers}</arg>
<arg>expected_status=200</arg>
<doc>Sends a PUT request on a previously created HTTP Session.</doc>
<msg timestamp="20230813 22:37:17.925" level="INFO">PUT Request : url=http://localhost:8080/api/v1/addRelationship 
 path_url=/api/v1/addRelationship 
 headers={'User-Agent': 'python-requests/2.31.0', 'Accept-Encoding': 'gzip, deflate', 'Accept': '*/*', 'Connection': 'keep-alive', 'Content-Type': 'application/json', 'Content-Length': '48'} 
 body=b'{"actorId": "nm0000102", "movieId": "nm0123456"}' 
 </msg>
<msg timestamp="20230813 22:37:17.926" level="INFO">PUT Response : url=http://localhost:8080/api/v1/addRelationship 
 status=200, reason=OK 
 headers={'Date': 'Mon, 14 Aug 2023 05:37:17 GMT', 'Content-length': '2'} 
 body=OK 
 </msg>
<msg timestamp="20230813 22:37:17.926" level="INFO">${resp4} = &lt;Response [200]&gt;</msg>
<status status="PASS" starttime="20230813 22:37:15.590" endtime="20230813 22:37:17.926"/>
</kw>
<kw name="PUT On Session" library="RequestsLibrary">
<var>${resp5}</var>
<arg>localhost</arg>
<arg>/api/v1/addActor</arg>
<arg>json=${params5}</arg>
<arg>headers=${headers}</arg>
<arg>expected_status=200</arg>
<doc>Sends a PUT request on a previously created HTTP Session.</doc>
<msg timestamp="20230813 22:37:20.253" level="INFO">PUT Request : url=http://localhost:8080/api/v1/addActor 
 path_url=/api/v1/addActor 
 headers={'User-Agent': 'python-requests/2.31.0', 'Accept-Encoding': 'gzip, deflate', 'Accept': '*/*', 'Connection': 'keep-alive', 'Content-Type': 'application/json', 'Content-Length': '52'} 
 body=b'{"name": "Kilometer Morales", "actorId": "nm621371"}' 
 </msg>
<msg timestamp="20230813 22:37:20.253" level="INFO">PUT Response : url=http://localhost:8080/api/v1/addActor 
 status=200, reason=OK 
 headers={'Date': 'Mon, 14 Aug 2023 05:37:20 GMT', 'Content-length': '2'} 
 body=OK 
 </msg>
<msg timestamp="20230813 22:37:20.254" level="INFO">${resp5} = &lt;Response [200]&gt;</msg>
<status status="PASS" starttime="20230813 22:37:17.927" endtime="20230813 22:37:20.254"/>
</kw>
<kw name="PUT On Session" library="RequestsLibrary">
<var>${resp6}</var>
<arg>localhost</arg>
<arg>/api/v1/addRelationship</arg>
<arg>json=${params6}</arg>
<arg>headers=${headers}</arg>
<arg>expected_status=200</arg>
<doc>Sends a PUT request on a previously created HTTP Session.</doc>
<msg timestamp="20230813 22:37:22.585" level="INFO">PUT Request : url=http://localhost:8080/api/v1/addRelationship 
 path_url=/api/v1/addRelationship 
 headers={'User-Agent': 'python-requests/2.31.0', 'Accept-Encoding': 'gzip, deflate', 'Accept': '*/*', 'Connection': 'keep-alive', 'Content-Type': 'application/json', 'Content-Length': '45'} 
 body=b'{"actorId": "nm621371", "movieId": "nm01345"}' 
 </msg>
<msg timestamp="20230813 22:37:22.586" level="INFO">PUT Response : url=http://localhost:8080/api/v1/addRelationship 
 status=200, reason=OK 
 headers={'Date': 'Mon, 14 Aug 2023 05:37:22 GMT', 'Content-length': '2'} 
 body=OK 
 </msg>
<msg timestamp="20230813 22:37:22.586" level="INFO">${resp6} = &lt;Response [200]&gt;</msg>
<status status="PASS" starttime="20230813 22:37:20.254" endtime="20230813 22:37:22.586"/>
</kw>
<timeout value="30 seconds"/>
<status status="PASS" starttime="20230813 22:37:08.595" endtime="20230813 22:37:22.588"/>
</test>
<test id="s1-t19" name="computeBaconNumberPass" line="183">
<kw name="Create Session" library="RequestsLibrary" type="SETUP">
<arg>localhost</arg>
<arg>http://localhost:8080</arg>
<doc>Create Session: create a HTTP session to a server</doc>
<msg timestamp="20230813 22:37:22.592" level="INFO">Creating Session using : alias=localhost, url=http://localhost:8080, headers={},                     cookies={}, auth=None, timeout=None, proxies=None, verify=False,                     debug=0 </msg>
<status status="PASS" starttime="20230813 22:37:22.591" endtime="20230813 22:37:22.593"/>
</kw>
<kw name="Create Dictionary" library="BuiltIn">
<var>${headers}</var>
<arg>Content-Type=application/json</arg>
<doc>Creates and returns a dictionary based on the given ``items``.</doc>
<msg timestamp="20230813 22:37:22.595" level="INFO">${headers} = {'Content-Type': 'application/json'}</msg>
<status status="PASS" starttime="20230813 22:37:22.594" endtime="20230813 22:37:22.595"/>
</kw>
<kw name="Evaluate" library="BuiltIn">
<var>${paramsExpected0}</var>
<arg>{"baconNumber": 0}</arg>
<doc>Evaluates the given expression in Python and returns the result.</doc>
<msg timestamp="20230813 22:37:22.599" level="INFO">${paramsExpected0} = {'baconNumber': 0}</msg>
<status status="PASS" starttime="20230813 22:37:22.597" endtime="20230813 22:37:22.599"/>
</kw>
<kw name="Evaluate" library="BuiltIn">
<var>${paramsExpected1}</var>
<arg>{"baconNumber": 1}</arg>
<doc>Evaluates the given expression in Python and returns the result.</doc>
<msg timestamp="20230813 22:37:22.602" level="INFO">${paramsExpected1} = {'baconNumber': 1}</msg>
<status status="PASS" starttime="20230813 22:37:22.600" endtime="20230813 22:37:22.602"/>
</kw>
<kw name="Evaluate" library="BuiltIn">
<var>${paramsExpected2}</var>
<arg>{"baconNumber": 2}</arg>
<doc>Evaluates the given expression in Python and returns the result.</doc>
<msg timestamp="20230813 22:37:22.604" level="INFO">${paramsExpected2} = {'baconNumber': 2}</msg>
<status status="PASS" starttime="20230813 22:37:22.602" endtime="20230813 22:37:22.604"/>
</kw>
<kw name="GET On Session" library="RequestsLibrary">
<var>${result0}</var>
<arg>localhost</arg>
<arg>url=/api/v1/computeBaconNumber?actorId=nm0000102</arg>
<arg>headers=${headers}</arg>
<arg>expected_status=200</arg>
<doc>Sends a GET request on a previously created HTTP Session.</doc>
<msg timestamp="20230813 22:37:24.930" level="INFO">GET Request : url=http://localhost:8080/api/v1/computeBaconNumber?actorId=nm0000102 
 path_url=/api/v1/computeBaconNumber?actorId=nm0000102 
 headers={'User-Agent': 'python-requests/2.31.0', 'Accept-Encoding': 'gzip, deflate', 'Accept': '*/*', 'Connection': 'keep-alive', 'Content-Type': 'application/json'} 
 body=None 
 </msg>
<msg timestamp="20230813 22:37:24.930" level="INFO">GET Response : url=http://localhost:8080/api/v1/computeBaconNumber?actorId=nm0000102 
 status=200, reason=OK 
 headers={'Date': 'Mon, 14 Aug 2023 05:37:24 GMT', 'Content-length': '17'} 
 body={"baconNumber":0} 
 </msg>
<msg timestamp="20230813 22:37:24.931" level="INFO">${result0} = &lt;Response [200]&gt;</msg>
<status status="PASS" starttime="20230813 22:37:22.605" endtime="20230813 22:37:24.931"/>
</kw>
<kw name="GET On Session" library="RequestsLibrary">
<var>${result1}</var>
<arg>localhost</arg>
<arg>url=/api/v1/computeBaconNumber?actorId=nm654321</arg>
<arg>headers=${headers}</arg>
<arg>expected_status=200</arg>
<doc>Sends a GET request on a previously created HTTP Session.</doc>
<msg timestamp="20230813 22:37:27.148" level="INFO">GET Request : url=http://localhost:8080/api/v1/computeBaconNumber?actorId=nm654321 
 path_url=/api/v1/computeBaconNumber?actorId=nm654321 
 headers={'User-Agent': 'python-requests/2.31.0', 'Accept-Encoding': 'gzip, deflate', 'Accept': '*/*', 'Connection': 'keep-alive', 'Content-Type': 'application/json'} 
 body=None 
 </msg>
<msg timestamp="20230813 22:37:27.148" level="INFO">GET Response : url=http://localhost:8080/api/v1/computeBaconNumber?actorId=nm654321 
 status=200, reason=OK 
 headers={'Date': 'Mon, 14 Aug 2023 05:37:27 GMT', 'Content-length': '17'} 
 body={"baconNumber":1} 
 </msg>
<msg timestamp="20230813 22:37:27.149" level="INFO">${result1} = &lt;Response [200]&gt;</msg>
<status status="PASS" starttime="20230813 22:37:24.932" endtime="20230813 22:37:27.149"/>
</kw>
<kw name="GET On Session" library="RequestsLibrary">
<var>${result2}</var>
<arg>localhost</arg>
<arg>url=/api/v1/computeBaconNumber?actorId=nm7001850</arg>
<arg>headers=${headers}</arg>
<arg>expected_status=200</arg>
<doc>Sends a GET request on a previously created HTTP Session.</doc>
<msg timestamp="20230813 22:37:29.377" level="INFO">GET Request : url=http://localhost:8080/api/v1/computeBaconNumber?actorId=nm7001850 
 path_url=/api/v1/computeBaconNumber?actorId=nm7001850 
 headers={'User-Agent': 'python-requests/2.31.0', 'Accept-Encoding': 'gzip, deflate', 'Accept': '*/*', 'Connection': 'keep-alive', 'Content-Type': 'application/json'} 
 body=None 
 </msg>
<msg timestamp="20230813 22:37:29.378" level="INFO">GET Response : url=http://localhost:8080/api/v1/computeBaconNumber?actorId=nm7001850 
 status=200, reason=OK 
 headers={'Date': 'Mon, 14 Aug 2023 05:37:29 GMT', 'Content-length': '17'} 
 body={"baconNumber":2} 
 </msg>
<msg timestamp="20230813 22:37:29.378" level="INFO">${result2} = &lt;Response [200]&gt;</msg>
<status status="PASS" starttime="20230813 22:37:27.150" endtime="20230813 22:37:29.378"/>
</kw>
<kw name="Evaluate" library="BuiltIn">
<var>${result0_dict}</var>
<arg>json.loads('''${result0.text}''')</arg>
<doc>Evaluates the given expression in Python and returns the result.</doc>
<msg timestamp="20230813 22:37:29.383" level="INFO">${result0_dict} = {'baconNumber': 0}</msg>
<status status="PASS" starttime="20230813 22:37:29.379" endtime="20230813 22:37:29.383"/>
</kw>
<kw name="Should Be Equal" library="BuiltIn">
<arg>${paramsExpected0}</arg>
<arg>${result0_dict}</arg>
<doc>Fails if the given objects are unequal.</doc>
<status status="PASS" starttime="20230813 22:37:29.385" endtime="20230813 22:37:29.386"/>
</kw>
<kw name="Evaluate" library="BuiltIn">
<var>${result1_dict}</var>
<arg>json.loads('''${result1.text}''')</arg>
<doc>Evaluates the given expression in Python and returns the result.</doc>
<msg timestamp="20230813 22:37:29.390" level="INFO">${result1_dict} = {'baconNumber': 1}</msg>
<status status="PASS" starttime="20230813 22:37:29.387" endtime="20230813 22:37:29.391"/>
</kw>
<kw name="Should Be Equal" library="BuiltIn">
<arg>${paramsExpected1}</arg>
<arg>${result1_dict}</arg>
<doc>Fails if the given objects are unequal.</doc>
<status status="PASS" starttime="20230813 22:37:29.391" endtime="20230813 22:37:29.393"/>
</kw>
<kw name="Evaluate" library="BuiltIn">
<var>${result2_dict}</var>
<arg>json.loads('''${result2.text}''')</arg>
<doc>Evaluates the given expression in Python and returns the result.</doc>
<msg timestamp="20230813 22:37:29.397" level="INFO">${result2_dict} = {'baconNumber': 2}</msg>
<status status="PASS" starttime="20230813 22:37:29.394" endtime="20230813 22:37:29.397"/>
</kw>
<kw name="Should Be Equal" library="BuiltIn">
<arg>${paramsExpected2}</arg>
<arg>${result2_dict}</arg>
<doc>Fails if the given objects are unequal.</doc>
<status status="PASS" starttime="20230813 22:37:29.398" endtime="20230813 22:37:29.400"/>
</kw>
<timeout value="30 seconds"/>
<status status="PASS" starttime="20230813 22:37:22.590" endtime="20230813 22:37:29.401"/>
</test>
<test id="s1-t20" name="computeBaconNumberFail" line="203">
<kw name="Create Session" library="RequestsLibrary" type="SETUP">
<arg>localhost</arg>
<arg>http://localhost:8080</arg>
<doc>Create Session: create a HTTP session to a server</doc>
<msg timestamp="20230813 22:37:29.404" level="INFO">Creating Session using : alias=localhost, url=http://localhost:8080, headers={},                     cookies={}, auth=None, timeout=None, proxies=None, verify=False,                     debug=0 </msg>
<status status="PASS" starttime="20230813 22:37:29.403" endtime="20230813 22:37:29.405"/>
</kw>
<kw name="Create Dictionary" library="BuiltIn">
<var>${headers}</var>
<arg>Content-Type=application/json</arg>
<doc>Creates and returns a dictionary based on the given ``items``.</doc>
<msg timestamp="20230813 22:37:29.406" level="INFO">${headers} = {'Content-Type': 'application/json'}</msg>
<status status="PASS" starttime="20230813 22:37:29.405" endtime="20230813 22:37:29.406"/>
</kw>
<kw name="GET On Session" library="RequestsLibrary">
<var>${result0}</var>
<arg>localhost</arg>
<arg>url=/api/v1/computeBaconNumber?actorId=nm621371</arg>
<arg>headers=${headers}</arg>
<arg>expected_status=404</arg>
<doc>Sends a GET request on a previously created HTTP Session.</doc>
<msg timestamp="20230813 22:37:31.732" level="INFO">GET Request : url=http://localhost:8080/api/v1/computeBaconNumber?actorId=nm621371 
 path_url=/api/v1/computeBaconNumber?actorId=nm621371 
 headers={'User-Agent': 'python-requests/2.31.0', 'Accept-Encoding': 'gzip, deflate', 'Accept': '*/*', 'Connection': 'keep-alive', 'Content-Type': 'application/json'} 
 body=None 
 </msg>
<msg timestamp="20230813 22:37:31.732" level="INFO">GET Response : url=http://localhost:8080/api/v1/computeBaconNumber?actorId=nm621371 
 status=404, reason=Not Found 
 headers={'Date': 'Mon, 14 Aug 2023 05:37:31 GMT', 'Content-length': '9'} 
 body=NOT FOUND 
 </msg>
<msg timestamp="20230813 22:37:31.733" level="INFO">${result0} = &lt;Response [404]&gt;</msg>
<status status="PASS" starttime="20230813 22:37:29.407" endtime="20230813 22:37:31.733"/>
</kw>
<timeout value="30 seconds"/>
<status status="PASS" starttime="20230813 22:37:29.403" endtime="20230813 22:37:31.734"/>
</test>
<test id="s1-t21" name="computeBaconPathPass" line="207">
<kw name="Create Session" library="RequestsLibrary" type="SETUP">
<arg>localhost</arg>
<arg>http://localhost:8080</arg>
<doc>Create Session: create a HTTP session to a server</doc>
<msg timestamp="20230813 22:37:31.739" level="INFO">Creating Session using : alias=localhost, url=http://localhost:8080, headers={},                     cookies={}, auth=None, timeout=None, proxies=None, verify=False,                     debug=0 </msg>
<status status="PASS" starttime="20230813 22:37:31.737" endtime="20230813 22:37:31.740"/>
</kw>
<kw name="Create Dictionary" library="BuiltIn">
<var>${headers}</var>
<arg>Content-Type=application/json</arg>
<doc>Creates and returns a dictionary based on the given ``items``.</doc>
<msg timestamp="20230813 22:37:31.741" level="INFO">${headers} = {'Content-Type': 'application/json'}</msg>
<status status="PASS" starttime="20230813 22:37:31.740" endtime="20230813 22:37:31.741"/>
</kw>
<kw name="Evaluate" library="BuiltIn">
<var>${paramsExpected}</var>
<arg>{"baconPath": ["nm7001850","nm48123","nm1111891","nm0123456","nm0000102"]}</arg>
<doc>Evaluates the given expression in Python and returns the result.</doc>
<msg timestamp="20230813 22:37:31.745" level="INFO">${paramsExpected} = {'baconPath': ['nm7001850', 'nm48123', 'nm1111891', 'nm0123456', 'nm0000102']}</msg>
<status status="PASS" starttime="20230813 22:37:31.743" endtime="20230813 22:37:31.745"/>
</kw>
<kw name="GET On Session" library="RequestsLibrary">
<var>${result}</var>
<arg>localhost</arg>
<arg>url=/api/v1/computeBaconPath?actorId=nm7001850</arg>
<arg>headers=${headers}</arg>
<arg>expected_status=200</arg>
<doc>Sends a GET request on a previously created HTTP Session.</doc>
<msg timestamp="20230813 22:37:34.067" level="INFO">GET Request : url=http://localhost:8080/api/v1/computeBaconPath?actorId=nm7001850 
 path_url=/api/v1/computeBaconPath?actorId=nm7001850 
 headers={'User-Agent': 'python-requests/2.31.0', 'Accept-Encoding': 'gzip, deflate', 'Accept': '*/*', 'Connection': 'keep-alive', 'Content-Type': 'application/json'} 
 body=None 
 </msg>
<msg timestamp="20230813 22:37:34.068" level="INFO">GET Response : url=http://localhost:8080/api/v1/computeBaconPath?actorId=nm7001850 
 status=200, reason=OK 
 headers={'Date': 'Mon, 14 Aug 2023 05:37:34 GMT', 'Content-length': '73'} 
 body={"baconPath":["nm7001850","nm48123","nm1111891","nm0123456","nm0000102"]} 
 </msg>
<msg timestamp="20230813 22:37:34.069" level="INFO">${result} = &lt;Response [200]&gt;</msg>
<status status="PASS" starttime="20230813 22:37:31.746" endtime="20230813 22:37:34.069"/>
</kw>
<kw name="Evaluate" library="BuiltIn">
<var>${result_dict}</var>
<arg>json.loads('''${result.text}''')</arg>
<doc>Evaluates the given expression in Python and returns the result.</doc>
<msg timestamp="20230813 22:37:34.074" level="INFO">${result_dict} = {'baconPath': ['nm7001850', 'nm48123', 'nm1111891', 'nm0123456', 'nm0000102']}</msg>
<status status="PASS" starttime="20230813 22:37:34.070" endtime="20230813 22:37:34.074"/>
</kw>
<kw name="Should Be Equal" library="BuiltIn">
<arg>${paramsExpected}</arg>
<arg>${result_dict}</arg>
<doc>Fails if the given objects are unequal.</doc>
<status status="PASS" starttime="20230813 22:37:34.075" endtime="20230813 22:37:34.076"/>
</kw>
<timeout value="30 seconds"/>
<status status="PASS" starttime="20230813 22:37:31.736" endtime="20230813 22:37:34.077"/>
</test>
<test id="s1-t22" name="computeBaconPathFail" line="215">
<kw name="Create Session" library="RequestsLibrary" type="SETUP">
<arg>localhost</arg>
<arg>http://localhost:8080</arg>
<doc>Create Session: create a HTTP session to a server</doc>
<msg timestamp="20230813 22:37:34.084" level="INFO">Creating Session using : alias=localhost, url=http://localhost:8080, headers={},                     cookies={}, auth=None, timeout=None, proxies=None, verify=False,                     debug=0 </msg>
<status status="PASS" starttime="20230813 22:37:34.083" endtime="20230813 22:37:34.085"/>
</kw>
<kw name="Create Dictionary" library="BuiltIn">
<var>${headers}</var>
<arg>Content-Type=application/json</arg>
<doc>Creates and returns a dictionary based on the given ``items``.</doc>
<msg timestamp="20230813 22:37:34.087" level="INFO">${headers} = {'Content-Type': 'application/json'}</msg>
<status status="PASS" starttime="20230813 22:37:34.086" endtime="20230813 22:37:34.087"/>
</kw>
<kw name="GET On Session" library="RequestsLibrary">
<var>${result0}</var>
<arg>localhost</arg>
<arg>url=/api/v1/computeBaconPath?actorId=nm621371</arg>
<arg>headers=${headers}</arg>
<arg>expected_status=404</arg>
<doc>Sends a GET request on a previously created HTTP Session.</doc>
<msg timestamp="20230813 22:37:36.407" level="INFO">GET Request : url=http://localhost:8080/api/v1/computeBaconPath?actorId=nm621371 
 path_url=/api/v1/computeBaconPath?actorId=nm621371 
 headers={'User-Agent': 'python-requests/2.31.0', 'Accept-Encoding': 'gzip, deflate', 'Accept': '*/*', 'Connection': 'keep-alive', 'Content-Type': 'application/json'} 
 body=None 
 </msg>
<msg timestamp="20230813 22:37:36.407" level="INFO">GET Response : url=http://localhost:8080/api/v1/computeBaconPath?actorId=nm621371 
 status=404, reason=Not Found 
 headers={'Date': 'Mon, 14 Aug 2023 05:37:36 GMT', 'Content-length': '9'} 
 body=NOT FOUND 
 </msg>
<msg timestamp="20230813 22:37:36.407" level="INFO">${result0} = &lt;Response [404]&gt;</msg>
<status status="PASS" starttime="20230813 22:37:34.088" endtime="20230813 22:37:36.407"/>
</kw>
<timeout value="30 seconds"/>
<status status="PASS" starttime="20230813 22:37:34.081" endtime="20230813 22:37:36.407"/>
</test>
<test id="s1-t23" name="baconToAllPass" line="222">
<kw name="Create Session" library="RequestsLibrary" type="SETUP">
<arg>localhost</arg>
<arg>http://localhost:8080</arg>
<doc>Create Session: create a HTTP session to a server</doc>
<msg timestamp="20230813 22:37:36.410" level="INFO">Creating Session using : alias=localhost, url=http://localhost:8080, headers={},                     cookies={}, auth=None, timeout=None, proxies=None, verify=False,                     debug=0 </msg>
<status status="PASS" starttime="20230813 22:37:36.409" endtime="20230813 22:37:36.410"/>
</kw>
<kw name="Create Dictionary" library="BuiltIn">
<var>${headers}</var>
<arg>Content-Type=application/json</arg>
<doc>Creates and returns a dictionary based on the given ``items``.</doc>
<msg timestamp="20230813 22:37:36.410" level="INFO">${headers} = {'Content-Type': 'application/json'}</msg>
<status status="PASS" starttime="20230813 22:37:36.410" endtime="20230813 22:37:36.410"/>
</kw>
<kw name="PUT On Session" library="RequestsLibrary">
<var>${resp}</var>
<arg>localhost</arg>
<arg>/api/v1/baconToAll</arg>
<arg>headers=${headers}</arg>
<arg>expected_status=200</arg>
<doc>Sends a PUT request on a previously created HTTP Session.</doc>
<msg timestamp="20230813 22:37:38.756" level="INFO">PUT Request : url=http://localhost:8080/api/v1/baconToAll 
 path_url=/api/v1/baconToAll 
 headers={'User-Agent': 'python-requests/2.31.0', 'Accept-Encoding': 'gzip, deflate', 'Accept': '*/*', 'Connection': 'keep-alive', 'Content-Type': 'application/json', 'Content-Length': '0'} 
 body=None 
 </msg>
<msg timestamp="20230813 22:37:38.756" level="INFO">PUT Response : url=http://localhost:8080/api/v1/baconToAll 
 status=200, reason=OK 
 headers={'Date': 'Mon, 14 Aug 2023 05:37:38 GMT', 'Content-length': '2'} 
 body=OK 
 </msg>
<msg timestamp="20230813 22:37:38.757" level="INFO">${resp} = &lt;Response [200]&gt;</msg>
<status status="PASS" starttime="20230813 22:37:36.410" endtime="20230813 22:37:38.757"/>
</kw>
<kw name="GET On Session" library="RequestsLibrary">
<var>${resp0}</var>
<arg>localhost</arg>
<arg>url=/api/v1/getMovie?movieId=nm0123456</arg>
<arg>headers=${headers}</arg>
<arg>expected_status=200</arg>
<doc>Sends a GET request on a previously created HTTP Session.</doc>
<msg timestamp="20230813 22:37:41.071" level="INFO">GET Request : url=http://localhost:8080/api/v1/getMovie?movieId=nm0123456 
 path_url=/api/v1/getMovie?movieId=nm0123456 
 headers={'User-Agent': 'python-requests/2.31.0', 'Accept-Encoding': 'gzip, deflate', 'Accept': '*/*', 'Connection': 'keep-alive', 'Content-Type': 'application/json'} 
 body=None 
 </msg>
<msg timestamp="20230813 22:37:41.072" level="INFO">GET Response : url=http://localhost:8080/api/v1/getMovie?movieId=nm0123456 
 status=200, reason=OK 
 headers={'Date': 'Mon, 14 Aug 2023 05:37:41 GMT', 'Content-length': '82'} 
 body={"actors":["nm0000102","nm1111891","nm654321"],"name":"Men","movieId":"nm0123456"} 
 </msg>
<msg timestamp="20230813 22:37:41.072" level="INFO">${resp0} = &lt;Response [200]&gt;</msg>
<status status="PASS" starttime="20230813 22:37:38.757" endtime="20230813 22:37:41.072"/>
</kw>
<kw name="GET On Session" library="RequestsLibrary">
<var>${resp1}</var>
<arg>localhost</arg>
<arg>url=/api/v1/getMovie?movieId=nm01345</arg>
<arg>headers=${headers}</arg>
<arg>expected_status=200</arg>
<doc>Sends a GET request on a previously created HTTP Session.</doc>
<msg timestamp="20230813 22:37:43.400" level="INFO">GET Request : url=http://localhost:8080/api/v1/getMovie?movieId=nm01345 
 path_url=/api/v1/getMovie?movieId=nm01345 
 headers={'User-Agent': 'python-requests/2.31.0', 'Accept-Encoding': 'gzip, deflate', 'Accept': '*/*', 'Connection': 'keep-alive', 'Content-Type': 'application/json'} 
 body=None 
 </msg>
<msg timestamp="20230813 22:37:43.400" level="INFO">GET Response : url=http://localhost:8080/api/v1/getMovie?movieId=nm01345 
 status=200, reason=OK 
 headers={'Date': 'Mon, 14 Aug 2023 05:37:43 GMT', 'Content-length': '75'} 
 body={"actors":["nm0000102","nm621371"],"name":"Spider-Man","movieId":"nm01345"} 
 </msg>
<msg timestamp="20230813 22:37:43.401" level="INFO">${resp1} = &lt;Response [200]&gt;</msg>
<status status="PASS" starttime="20230813 22:37:41.072" endtime="20230813 22:37:43.401"/>
</kw>
<kw name="GET On Session" library="RequestsLibrary">
<var>${resp2}</var>
<arg>localhost</arg>
<arg>url=/api/v1/getMovie?movieId=nm10385</arg>
<arg>headers=${headers}</arg>
<arg>expected_status=200</arg>
<doc>Sends a GET request on a previously created HTTP Session.</doc>
<msg timestamp="20230813 22:37:45.722" level="INFO">GET Request : url=http://localhost:8080/api/v1/getMovie?movieId=nm10385 
 path_url=/api/v1/getMovie?movieId=nm10385 
 headers={'User-Agent': 'python-requests/2.31.0', 'Accept-Encoding': 'gzip, deflate', 'Accept': '*/*', 'Connection': 'keep-alive', 'Content-Type': 'application/json'} 
 body=None 
 </msg>
<msg timestamp="20230813 22:37:45.723" level="INFO">GET Response : url=http://localhost:8080/api/v1/getMovie?movieId=nm10385 
 status=200, reason=OK 
 headers={'Date': 'Mon, 14 Aug 2023 05:37:45 GMT', 'Content-length': '72'} 
 body={"actors":["nm0000102","nm7001850"],"name":"Wall-E","movieId":"nm10385"} 
 </msg>
<msg timestamp="20230813 22:37:45.723" level="INFO">${resp2} = &lt;Response [200]&gt;</msg>
<status status="PASS" starttime="20230813 22:37:43.403" endtime="20230813 22:37:45.723"/>
</kw>
<kw name="GET On Session" library="RequestsLibrary">
<var>${resp3}</var>
<arg>localhost</arg>
<arg>url=/api/v1/getMovie?movieId=nm48123</arg>
<arg>headers=${headers}</arg>
<arg>expected_status=200</arg>
<doc>Sends a GET request on a previously created HTTP Session.</doc>
<msg timestamp="20230813 22:37:48.038" level="INFO">GET Request : url=http://localhost:8080/api/v1/getMovie?movieId=nm48123 
 path_url=/api/v1/getMovie?movieId=nm48123 
 headers={'User-Agent': 'python-requests/2.31.0', 'Accept-Encoding': 'gzip, deflate', 'Accept': '*/*', 'Connection': 'keep-alive', 'Content-Type': 'application/json'} 
 body=None 
 </msg>
<msg timestamp="20230813 22:37:48.038" level="INFO">GET Response : url=http://localhost:8080/api/v1/getMovie?movieId=nm48123 
 status=200, reason=OK 
 headers={'Date': 'Mon, 14 Aug 2023 05:37:48 GMT', 'Content-length': '89'} 
 body={"actors":["nm0000102","nm1111891","nm7001850"],"name":"Oppenheimer","movieId":"nm48123"} 
 </msg>
<msg timestamp="20230813 22:37:48.039" level="INFO">${resp3} = &lt;Response [200]&gt;</msg>
<status status="PASS" starttime="20230813 22:37:45.723" endtime="20230813 22:37:48.039"/>
</kw>
<kw name="GET On Session" library="RequestsLibrary">
<var>${resp4}</var>
<arg>localhost</arg>
<arg>url=/api/v1/getActor?actorId=nm0000102</arg>
<arg>headers=${headers}</arg>
<arg>expected_status=200</arg>
<doc>Sends a GET request on a previously created HTTP Session.</doc>
<msg timestamp="20230813 22:37:50.256" level="INFO">GET Request : url=http://localhost:8080/api/v1/getActor?actorId=nm0000102 
 path_url=/api/v1/getActor?actorId=nm0000102 
 headers={'User-Agent': 'python-requests/2.31.0', 'Accept-Encoding': 'gzip, deflate', 'Accept': '*/*', 'Connection': 'keep-alive', 'Content-Type': 'application/json'} 
 body=None 
 </msg>
<msg timestamp="20230813 22:37:50.257" level="INFO">GET Response : url=http://localhost:8080/api/v1/getActor?actorId=nm0000102 
 status=200, reason=OK 
 headers={'Date': 'Mon, 14 Aug 2023 05:37:50 GMT', 'Content-length': '97'} 
 body={"movies":["nm01345","nm48123","nm10385","nm0123456"],"actorId":"nm0000102","name":"Keven Bacon"} 
 </msg>
<msg timestamp="20230813 22:37:50.257" level="INFO">${resp4} = &lt;Response [200]&gt;</msg>
<status status="PASS" starttime="20230813 22:37:48.039" endtime="20230813 22:37:50.257"/>
</kw>
<kw name="Should Contain" library="BuiltIn">
<arg>${resp0.text}</arg>
<arg>"nm0000102"</arg>
<doc>Fails if ``container`` does not contain ``item`` one or more times.</doc>
<status status="PASS" starttime="20230813 22:37:50.257" endtime="20230813 22:37:50.258"/>
</kw>
<kw name="Should Contain" library="BuiltIn">
<arg>${resp1.text}</arg>
<arg>"nm0000102"</arg>
<doc>Fails if ``container`` does not contain ``item`` one or more times.</doc>
<status status="PASS" starttime="20230813 22:37:50.258" endtime="20230813 22:37:50.259"/>
</kw>
<kw name="Should Contain" library="BuiltIn">
<arg>${resp2.text}</arg>
<arg>"nm0000102"</arg>
<doc>Fails if ``container`` does not contain ``item`` one or more times.</doc>
<status status="PASS" starttime="20230813 22:37:50.259" endtime="20230813 22:37:50.259"/>
</kw>
<kw name="Should Contain" library="BuiltIn">
<arg>${resp3.text}</arg>
<arg>"nm0000102"</arg>
<doc>Fails if ``container`` does not contain ``item`` one or more times.</doc>
<status status="PASS" starttime="20230813 22:37:50.259" endtime="20230813 22:37:50.260"/>
</kw>
<timeout value="30 seconds"/>
<status status="PASS" starttime="20230813 22:37:36.409" endtime="20230813 22:37:50.260"/>
</test>
<status status="PASS" starttime="20230813 22:36:10.548" endtime="20230813 22:37:50.261"/>
</suite>
<statistics>
<total>
<stat pass="23" fail="0" skip="0">All Tests</stat>
</total>
<tag>
</tag>
<suite>
<stat pass="23" fail="0" skip="0" id="s1" name="testNeo4j">testNeo4j</stat>
</suite>
</statistics>
<errors>
</errors>
</robot>
