<?xml version="1.0" encoding="UTF-8"?>
<robot generator="Robot 6.1.1 (Python 3.11.4 on win32)" generated="20230811 08:04:04.961" rpa="false" schemaversion="4">
<suite id="s1" name="testNeo4j" source="G:\Other computers\My MacBook Pro M1\Repositories\project\src\test\testNeo4j.robot">
<test id="s1-t1" name="addActorCorrectFormat" line="8">
<kw name="Create Session" library="RequestsLibrary" type="SETUP">
<arg>localhost</arg>
<arg>http://localhost:8080</arg>
<doc>Create Session: create a HTTP session to a server</doc>
<msg timestamp="20230811 08:04:05.421" level="INFO">Creating Session using : alias=localhost, url=http://localhost:8080, headers={},                     cookies={}, auth=None, timeout=None, proxies=None, verify=False,                     debug=0 </msg>
<status status="PASS" starttime="20230811 08:04:05.421" endtime="20230811 08:04:05.421"/>
</kw>
<kw name="Create Dictionary" library="BuiltIn">
<var>${headers}</var>
<arg>Content-Type=application/json</arg>
<doc>Creates and returns a dictionary based on the given ``items``.</doc>
<msg timestamp="20230811 08:04:05.422" level="INFO">${headers} = {'Content-Type': 'application/json'}</msg>
<status status="PASS" starttime="20230811 08:04:05.421" endtime="20230811 08:04:05.422"/>
</kw>
<kw name="Create Dictionary" library="BuiltIn">
<var>${params}</var>
<arg>name=bob</arg>
<arg>actorId=nm7001850</arg>
<doc>Creates and returns a dictionary based on the given ``items``.</doc>
<msg timestamp="20230811 08:04:05.422" level="INFO">${params} = {'name': 'bob', 'actorId': 'nm7001850'}</msg>
<status status="PASS" starttime="20230811 08:04:05.422" endtime="20230811 08:04:05.422"/>
</kw>
<kw name="PUT On Session" library="RequestsLibrary">
<var>${resp}</var>
<arg>localhost</arg>
<arg>/api/v1/addActor</arg>
<arg>json=${params}</arg>
<arg>headers=${headers}</arg>
<arg>expected_status=200</arg>
<doc>Sends a PUT request on a previously created HTTP Session.</doc>
<msg timestamp="20230811 08:04:07.894" level="INFO">PUT Request : url=http://localhost:8080/api/v1/addActor 
 path_url=/api/v1/addActor 
 headers={'User-Agent': 'python-requests/2.31.0', 'Accept-Encoding': 'gzip, deflate', 'Accept': '*/*', 'Connection': 'keep-alive', 'Content-Type': 'application/json', 'Content-Length': '39'} 
 body=b'{"name": "bob", "actorId": "nm7001850"}' 
 </msg>
<msg timestamp="20230811 08:04:07.898" level="INFO">PUT Response : url=http://localhost:8080/api/v1/addActor 
 status=200, reason=OK 
 headers={'Date': 'Fri, 11 Aug 2023 15:04:07 GMT', 'Content-length': '2'} 
 body=OK 
 </msg>
<msg timestamp="20230811 08:04:07.898" level="INFO">${resp} = &lt;Response [200]&gt;</msg>
<status status="PASS" starttime="20230811 08:04:05.422" endtime="20230811 08:04:07.898"/>
</kw>
<timeout value="30 seconds"/>
<status status="PASS" starttime="20230811 08:04:05.420" endtime="20230811 08:04:07.898"/>
</test>
<test id="s1-t2" name="addActorIncorrectFormat" line="13">
<kw name="Create Session" library="RequestsLibrary" type="SETUP">
<arg>localhost</arg>
<arg>http://localhost:8080</arg>
<doc>Create Session: create a HTTP session to a server</doc>
<msg timestamp="20230811 08:04:07.900" level="INFO">Creating Session using : alias=localhost, url=http://localhost:8080, headers={},                     cookies={}, auth=None, timeout=None, proxies=None, verify=False,                     debug=0 </msg>
<status status="PASS" starttime="20230811 08:04:07.899" endtime="20230811 08:04:07.900"/>
</kw>
<kw name="Create Dictionary" library="BuiltIn">
<var>${headers}</var>
<arg>Content-Type=application/json</arg>
<doc>Creates and returns a dictionary based on the given ``items``.</doc>
<msg timestamp="20230811 08:04:07.900" level="INFO">${headers} = {'Content-Type': 'application/json'}</msg>
<status status="PASS" starttime="20230811 08:04:07.900" endtime="20230811 08:04:07.900"/>
</kw>
<kw name="Create Dictionary" library="BuiltIn">
<var>${params}</var>
<arg>name=Alice</arg>
<arg>movieId=nm1111111111111111111111111111111</arg>
<doc>Creates and returns a dictionary based on the given ``items``.</doc>
<msg timestamp="20230811 08:04:07.901" level="INFO">${params} = {'name': 'Alice', 'movieId': 'nm1111111111111111111111111111111'}</msg>
<status status="PASS" starttime="20230811 08:04:07.901" endtime="20230811 08:04:07.901"/>
</kw>
<kw name="PUT On Session" library="RequestsLibrary">
<var>${resp}</var>
<arg>localhost</arg>
<arg>/api/v1/addActor</arg>
<arg>json=${params}</arg>
<arg>headers=${headers}</arg>
<arg>expected_status=400</arg>
<doc>Sends a PUT request on a previously created HTTP Session.</doc>
<msg timestamp="20230811 08:04:10.128" level="INFO">PUT Request : url=http://localhost:8080/api/v1/addActor 
 path_url=/api/v1/addActor 
 headers={'User-Agent': 'python-requests/2.31.0', 'Accept-Encoding': 'gzip, deflate', 'Accept': '*/*', 'Connection': 'keep-alive', 'Content-Type': 'application/json', 'Content-Length': '65'} 
 body=b'{"name": "Alice", "movieId": "nm1111111111111111111111111111111"}' 
 </msg>
<msg timestamp="20230811 08:04:10.129" level="INFO">PUT Response : url=http://localhost:8080/api/v1/addActor 
 status=400, reason=Bad Request 
 headers={'Date': 'Fri, 11 Aug 2023 15:04:10 GMT', 'Content-length': '11'} 
 body=BAD REQUEST 
 </msg>
<msg timestamp="20230811 08:04:10.129" level="INFO">${resp} = &lt;Response [400]&gt;</msg>
<status status="PASS" starttime="20230811 08:04:07.901" endtime="20230811 08:04:10.129"/>
</kw>
<timeout value="30 seconds"/>
<status status="PASS" starttime="20230811 08:04:07.899" endtime="20230811 08:04:10.129"/>
</test>
<status status="PASS" starttime="20230811 08:04:04.964" endtime="20230811 08:04:10.130"/>
</suite>
<statistics>
<total>
<stat pass="2" fail="0" skip="0">All Tests</stat>
</total>
<tag>
</tag>
<suite>
<stat pass="2" fail="0" skip="0" id="s1" name="testNeo4j">testNeo4j</stat>
</suite>
</statistics>
<errors>
</errors>
</robot>
