<?xml version="1.0" encoding="UTF-8"?>
<robot generator="Robot 6.1.1 (Python 3.11.4 on win32)" generated="20230813 19:25:29.648" rpa="false" schemaversion="4">
<suite id="s1" name="Buff" source="G:\Other computers\My MacBook Pro M1\Repositories\project\buff.robot">
<test id="s1-t1" name="computeBaconNumberPass" line="12">
<kw name="Create Session" library="RequestsLibrary" type="SETUP">
<arg>localhost</arg>
<arg>http://localhost:8080</arg>
<doc>Create Session: create a HTTP session to a server</doc>
<msg timestamp="20230813 19:25:29.741" level="INFO">Creating Session using : alias=localhost, url=http://localhost:8080, headers={},                     cookies={}, auth=None, timeout=None, proxies=None, verify=False,                     debug=0 </msg>
<status status="PASS" starttime="20230813 19:25:29.741" endtime="20230813 19:25:29.741"/>
</kw>
<kw name="Create Dictionary" library="BuiltIn">
<var>${headers}</var>
<arg>Content-Type=application/json</arg>
<doc>Creates and returns a dictionary based on the given ``items``.</doc>
<msg timestamp="20230813 19:25:29.742" level="INFO">${headers} = {'Content-Type': 'application/json'}</msg>
<status status="PASS" starttime="20230813 19:25:29.742" endtime="20230813 19:25:29.742"/>
</kw>
<kw name="Evaluate" library="BuiltIn">
<var>${paramsExpected0}</var>
<arg>{"baconNumber": 0}</arg>
<doc>Evaluates the given expression in Python and returns the result.</doc>
<msg timestamp="20230813 19:25:29.742" level="INFO">${paramsExpected0} = {'baconNumber': 0}</msg>
<status status="PASS" starttime="20230813 19:25:29.742" endtime="20230813 19:25:29.742"/>
</kw>
<kw name="Evaluate" library="BuiltIn">
<var>${paramsExpected1}</var>
<arg>{"baconNumber": 1}</arg>
<doc>Evaluates the given expression in Python and returns the result.</doc>
<msg timestamp="20230813 19:25:29.743" level="INFO">${paramsExpected1} = {'baconNumber': 1}</msg>
<status status="PASS" starttime="20230813 19:25:29.743" endtime="20230813 19:25:29.743"/>
</kw>
<kw name="Evaluate" library="BuiltIn">
<var>${paramsExpected2}</var>
<arg>{"baconNumber": 2}</arg>
<doc>Evaluates the given expression in Python and returns the result.</doc>
<msg timestamp="20230813 19:25:29.744" level="INFO">${paramsExpected2} = {'baconNumber': 2}</msg>
<status status="PASS" starttime="20230813 19:25:29.743" endtime="20230813 19:25:29.744"/>
</kw>
<kw name="GET On Session" library="RequestsLibrary">
<var>${result0}</var>
<arg>localhost</arg>
<arg>url=/api/v1/computeBaconNumber?actorId=nm0000102</arg>
<arg>headers=${headers}</arg>
<arg>expected_status=200</arg>
<doc>Sends a GET request on a previously created HTTP Session.</doc>
<msg timestamp="20230813 19:25:31.967" level="INFO">GET Request : url=http://localhost:8080/api/v1/computeBaconNumber?actorId=nm0000102 
 path_url=/api/v1/computeBaconNumber?actorId=nm0000102 
 headers={'User-Agent': 'python-requests/2.31.0', 'Accept-Encoding': 'gzip, deflate', 'Accept': '*/*', 'Connection': 'keep-alive', 'Content-Type': 'application/json'} 
 body=None 
 </msg>
<msg timestamp="20230813 19:25:31.968" level="INFO">GET Response : url=http://localhost:8080/api/v1/computeBaconNumber?actorId=nm0000102 
 status=200, reason=OK 
 headers={'Date': 'Mon, 14 Aug 2023 02:25:31 GMT', 'Content-length': '17'} 
 body={"baconNumber":0} 
 </msg>
<msg timestamp="20230813 19:25:31.968" level="INFO">${result0} = &lt;Response [200]&gt;</msg>
<status status="PASS" starttime="20230813 19:25:29.744" endtime="20230813 19:25:31.968"/>
</kw>
<kw name="GET On Session" library="RequestsLibrary">
<var>${result1}</var>
<arg>localhost</arg>
<arg>url=/api/v1/computeBaconNumber?actorId=nm654321</arg>
<arg>headers=${headers}</arg>
<arg>expected_status=200</arg>
<doc>Sends a GET request on a previously created HTTP Session.</doc>
<msg timestamp="20230813 19:25:34.286" level="INFO">GET Request : url=http://localhost:8080/api/v1/computeBaconNumber?actorId=nm654321 
 path_url=/api/v1/computeBaconNumber?actorId=nm654321 
 headers={'User-Agent': 'python-requests/2.31.0', 'Accept-Encoding': 'gzip, deflate', 'Accept': '*/*', 'Connection': 'keep-alive', 'Content-Type': 'application/json'} 
 body=None 
 </msg>
<msg timestamp="20230813 19:25:34.286" level="INFO">GET Response : url=http://localhost:8080/api/v1/computeBaconNumber?actorId=nm654321 
 status=200, reason=OK 
 headers={'Date': 'Mon, 14 Aug 2023 02:25:34 GMT', 'Content-length': '17'} 
 body={"baconNumber":1} 
 </msg>
<msg timestamp="20230813 19:25:34.287" level="INFO">${result1} = &lt;Response [200]&gt;</msg>
<status status="PASS" starttime="20230813 19:25:31.969" endtime="20230813 19:25:34.287"/>
</kw>
<kw name="GET On Session" library="RequestsLibrary">
<var>${result2}</var>
<arg>localhost</arg>
<arg>url=/api/v1/computeBaconNumber?actorId=nm7001850</arg>
<arg>headers=${headers}</arg>
<arg>expected_status=200</arg>
<doc>Sends a GET request on a previously created HTTP Session.</doc>
<msg timestamp="20230813 19:25:36.627" level="INFO">GET Request : url=http://localhost:8080/api/v1/computeBaconNumber?actorId=nm7001850 
 path_url=/api/v1/computeBaconNumber?actorId=nm7001850 
 headers={'User-Agent': 'python-requests/2.31.0', 'Accept-Encoding': 'gzip, deflate', 'Accept': '*/*', 'Connection': 'keep-alive', 'Content-Type': 'application/json'} 
 body=None 
 </msg>
<msg timestamp="20230813 19:25:36.628" level="INFO">GET Response : url=http://localhost:8080/api/v1/computeBaconNumber?actorId=nm7001850 
 status=200, reason=OK 
 headers={'Date': 'Mon, 14 Aug 2023 02:25:36 GMT', 'Content-length': '17'} 
 body={"baconNumber":2} 
 </msg>
<msg timestamp="20230813 19:25:36.628" level="INFO">${result2} = &lt;Response [200]&gt;</msg>
<status status="PASS" starttime="20230813 19:25:34.289" endtime="20230813 19:25:36.628"/>
</kw>
<kw name="Evaluate" library="BuiltIn">
<var>${result0_dict}</var>
<arg>json.loads('''${result0.text}''')</arg>
<doc>Evaluates the given expression in Python and returns the result.</doc>
<msg timestamp="20230813 19:25:36.630" level="INFO">${result0_dict} = {'baconNumber': 0}</msg>
<status status="PASS" starttime="20230813 19:25:36.629" endtime="20230813 19:25:36.630"/>
</kw>
<kw name="Should Be Equal" library="BuiltIn">
<arg>${paramsExpected0}</arg>
<arg>${result0_dict}</arg>
<doc>Fails if the given objects are unequal.</doc>
<status status="PASS" starttime="20230813 19:25:36.631" endtime="20230813 19:25:36.632"/>
</kw>
<kw name="Evaluate" library="BuiltIn">
<var>${result1_dict}</var>
<arg>json.loads('''${result1.text}''')</arg>
<doc>Evaluates the given expression in Python and returns the result.</doc>
<msg timestamp="20230813 19:25:36.634" level="INFO">${result1_dict} = {'baconNumber': 1}</msg>
<status status="PASS" starttime="20230813 19:25:36.632" endtime="20230813 19:25:36.634"/>
</kw>
<kw name="Should Be Equal" library="BuiltIn">
<arg>${paramsExpected1}</arg>
<arg>${result1_dict}</arg>
<doc>Fails if the given objects are unequal.</doc>
<status status="PASS" starttime="20230813 19:25:36.635" endtime="20230813 19:25:36.636"/>
</kw>
<kw name="Evaluate" library="BuiltIn">
<var>${result2_dict}</var>
<arg>json.loads('''${result2.text}''')</arg>
<doc>Evaluates the given expression in Python and returns the result.</doc>
<msg timestamp="20230813 19:25:36.636" level="INFO">${result2_dict} = {'baconNumber': 2}</msg>
<status status="PASS" starttime="20230813 19:25:36.636" endtime="20230813 19:25:36.636"/>
</kw>
<kw name="Should Be Equal" library="BuiltIn">
<arg>${paramsExpected2}</arg>
<arg>${result2_dict}</arg>
<doc>Fails if the given objects are unequal.</doc>
<status status="PASS" starttime="20230813 19:25:36.636" endtime="20230813 19:25:36.637"/>
</kw>
<timeout value="30 seconds"/>
<status status="PASS" starttime="20230813 19:25:29.741" endtime="20230813 19:25:36.637"/>
</test>
<status status="PASS" starttime="20230813 19:25:29.650" endtime="20230813 19:25:36.638"/>
</suite>
<statistics>
<total>
<stat pass="1" fail="0" skip="0">All Tests</stat>
</total>
<tag>
</tag>
<suite>
<stat pass="1" fail="0" skip="0" id="s1" name="Buff">Buff</stat>
</suite>
</statistics>
<errors>
</errors>
</robot>
